11.50.09  [main] 	Initializing Control Panel
11.50.09  [main] 	Windows Version:  Home  64-bit
11.50.09  [main] 	XAMPP Version: 7.1.12
11.50.09  [main] 	Control Panel Version: 3.2.2  [ Compiled: Nov 12th 2015 ]
11.50.09  [main] 	Running with Administrator rights - good!
11.50.09  [main] 	XAMPP Installation Directory: "d:\xampp\"
11.50.09  [main] 	Checking for prerequisites
11.50.09  [main] 	All prerequisites found
11.50.09  [main] 	Initializing Modules
11.50.09  [Apache] 	Problem detected!
11.50.09  [Apache] 	Port 443 in use by ""C:\Program Files (x86)\Dapodik\webserver\bin\httpd.exe" -k runservice" with PID 5444!
11.50.09  [Apache] 	Apache WILL NOT start without the configured ports free!
11.50.09  [Apache] 	You need to uninstall/disable/reconfigure the blocking application
11.50.09  [Apache] 	or reconfigure Apache and the Control Panel to listen on a different port
11.50.09  [main] 	The FileZilla module is disabled
11.50.09  [main] 	The Mercury module is disabled
11.50.09  [main] 	Starting Check-Timer
11.50.09  [main] 	Control Panel Ready
11.51.14  [main] 	Deinitializing Modules
11.51.14  [main] 	Deinitializing Control Panel

11.49.42  [main] 	Initializing Control Panel
11.49.42  [main] 	Windows Version:  Home  64-bit
11.49.42  [main] 	XAMPP Version: 7.1.12
11.49.42  [main] 	Control Panel Version: 3.2.2  [ Compiled: Nov 12th 2015 ]
11.49.42  [main] 	You are not running with administrator rights! This will work for
11.49.42  [main] 	most application stuff but whenever you do something with services
11.49.42  [main] 	there will be a security dialogue or things will break! So think 
11.49.42  [main] 	about running this application with administrator rights!
11.49.42  [main] 	XAMPP Installation Directory: "d:\xampp\"
11.49.42  [main] 	Checking for prerequisites
11.49.45  [main] 	All prerequisites found
11.49.45  [main] 	Initializing Modules
11.49.45  [Apache] 	Problem detected!
11.49.45  [Apache] 	Port 443 in use by ""C:\Program Files (x86)\Dapodik\webserver\bin\httpd.exe" -k runservice" with PID 5444!
11.49.45  [Apache] 	Apache WILL NOT start without the configured ports free!
11.49.45  [Apache] 	You need to uninstall/disable/reconfigure the blocking application
11.49.45  [Apache] 	or reconfigure Apache and the Control Panel to listen on a different port
11.49.45  [main] 	The FileZilla module is disabled
11.49.45  [main] 	The Mercury module is disabled
11.49.45  [main] 	Starting Check-Timer
11.49.45  [main] 	Control Panel Ready
12.11.51  [main] 	Deinitializing Modules
12.11.51  [main] 	Deinitializing Control Panel

11.51.19  [main] 	Initializing Control Panel
11.51.19  [main] 	Windows Version:  Home  64-bit
11.51.19  [main] 	XAMPP Version: 7.1.12
11.51.19  [main] 	Control Panel Version: 3.2.2  [ Compiled: Nov 12th 2015 ]
11.51.19  [main] 	Running with Administrator rights - good!
11.51.19  [main] 	XAMPP Installation Directory: "d:\xampp\"
11.51.19  [main] 	Checking for prerequisites
11.51.19  [main] 	All prerequisites found
11.51.19  [main] 	Initializing Modules
11.51.19  [Apache] 	Problem detected!
11.51.19  [Apache] 	Port 443 in use by ""C:\Program Files (x86)\Dapodik\webserver\bin\httpd.exe" -k runservice" with PID 5444!
11.51.19  [Apache] 	Apache WILL NOT start without the configured ports free!
11.51.19  [Apache] 	You need to uninstall/disable/reconfigure the blocking application
11.51.19  [Apache] 	or reconfigure Apache and the Control Panel to listen on a different port
11.51.19  [main] 	The FileZilla module is disabled
11.51.19  [main] 	The Mercury module is disabled
11.51.19  [main] 	Starting Check-Timer
11.51.19  [main] 	Control Panel Ready
11.51.57  [Apache] 	Attempting to start Apache app...
11.51.58  [Apache] 	Status change detected: running
11.52.03  [mysql] 	Attempting to start MySQL app...
11.52.04  [mysql] 	Status change detected: running
11.52.33  [mysql] 	Attempting to stop MySQL app...
11.52.34  [mysql] 	Status change detected: stopped
11.53.20  [mysql] 	Attempting to start MySQL app...
11.53.21  [mysql] 	Status change detected: running
11.53.30  [mysql] 	Attempting to stop MySQL app...
11.53.31  [mysql] 	Status change detected: stopped
11.55.21  [mysql] 	Attempting to start MySQL app...
11.55.21  [mysql] 	Status change detected: running
12.11.09  [mysql] 	Attempting to stop MySQL app...
12.11.10  [mysql] 	Status change detected: stopped
12.11.10  [Apache] 	Attempting to stop Apache (PID: 1348)
12.11.10  [Apache] 	Attempting to stop Apache (PID: 12880)
12.11.10  [Apache] 	Status change detected: stopped
12.11.54  [main] 	Deinitializing Modules
12.11.54  [main] 	Deinitializing Control Panel

12.12.03  [main] 	Initializing Control Panel
12.12.03  [main] 	Windows Version:  Home  64-bit
12.12.03  [main] 	XAMPP Version: 7.1.12
12.12.03  [main] 	Control Panel Version: 3.2.2  [ Compiled: Nov 12th 2015 ]
12.12.03  [main] 	Running with Administrator rights - good!
12.12.03  [main] 	XAMPP Installation Directory: "d:\xampp\"
12.12.03  [main] 	Checking for prerequisites
12.12.04  [main] 	All prerequisites found
12.12.04  [main] 	Initializing Modules
12.12.04  [main] 	The FileZilla module is disabled
12.12.04  [main] 	The Mercury module is disabled
12.12.04  [main] 	Enabling autostart for module "Apache"
12.12.04  [main] 	Enabling autostart for module "MySQL"
12.12.04  [main] 	Starting Check-Timer
12.12.04  [main] 	Control Panel Ready
12.12.06  [Apache] 	Autostart active: starting...
12.12.06  [Apache] 	Attempting to start Apache app...
12.12.06  [mysql] 	Autostart active: starting...
12.12.06  [mysql] 	Attempting to start MySQL app...
12.12.06  [Apache] 	Status change detected: running
12.12.06  [mysql] 	Status change detected: running
12.17.55  [main] 	Deinitializing Modules
12.17.55  [main] 	Deinitializing Control Panel

12.18.05  [main] 	Initializing Control Panel
12.18.05  [main] 	Windows Version:  Home  64-bit
12.18.05  [main] 	XAMPP Version: 7.1.12
12.18.05  [main] 	Control Panel Version: 3.2.2  [ Compiled: Nov 12th 2015 ]
12.18.05  [main] 	Running with Administrator rights - good!
12.18.05  [main] 	XAMPP Installation Directory: "d:\xampp\"
12.18.05  [main] 	Checking for prerequisites
12.18.06  [main] 	All prerequisites found
12.18.06  [main] 	Initializing Modules
12.18.06  [Apache] 	XAMPP Apache is already running on port 80
12.18.06  [main] 	The FileZilla module is disabled
12.18.06  [main] 	The Mercury module is disabled
12.18.06  [main] 	Enabling autostart for module "Apache"
12.18.06  [main] 	Enabling autostart for module "MySQL"
12.18.06  [main] 	Starting Check-Timer
12.18.06  [main] 	Control Panel Ready
12.18.06  [Apache] 	Autostart aborted: Apache is already running
12.18.06  [mysql] 	Autostart aborted: MySQL is already running
12.41.39  [Apache] 	Attempting to stop Apache (PID: 4264)
12.41.39  [Apache] 	Attempting to stop Apache (PID: 10784)
12.41.39  [Apache] 	Status change detected: stopped
12.41.44  [mysql] 	Attempting to stop MySQL app...
12.41.45  [mysql] 	Status change detected: stopped
12.43.17  [main] 	Deinitializing Modules
12.43.17  [main] 	Deinitializing Control Panel

16.19.12  [main] 	Initializing Control Panel
16.19.12  [main] 	Windows Version:  Home  64-bit
16.19.12  [main] 	XAMPP Version: 7.1.12
16.19.12  [main] 	Control Panel Version: 3.2.2  [ Compiled: Nov 12th 2015 ]
16.19.12  [main] 	Running with Administrator rights - good!
16.19.12  [main] 	XAMPP Installation Directory: "d:\xampp\"
16.19.12  [main] 	Checking for prerequisites
16.19.14  [main] 	All prerequisites found
16.19.14  [main] 	Initializing Modules
16.19.14  [main] 	The FileZilla module is disabled
16.19.14  [main] 	The Mercury module is disabled
16.19.14  [main] 	Enabling autostart for module "Apache"
16.19.14  [main] 	Enabling autostart for module "MySQL"
16.19.14  [main] 	Starting Check-Timer
16.19.14  [main] 	Control Panel Ready
16.19.14  [Apache] 	Autostart active: starting...
16.19.14  [Apache] 	Attempting to start Apache app...
16.19.14  [mysql] 	Autostart active: starting...
16.19.14  [mysql] 	Attempting to start MySQL app...
16.19.15  [Apache] 	Status change detected: running
16.19.15  [mysql] 	Status change detected: running
16.23.25  [Apache] 	Attempting to stop Apache (PID: 2032)
16.23.25  [Apache] 	Attempting to stop Apache (PID: 5248)
16.23.26  [Apache] 	Status change detected: stopped
16.23.28  [mysql] 	Attempting to stop MySQL app...
16.23.28  [mysql] 	Status change detected: stopped
16.24.26  [main] 	Deinitializing Modules
16.24.26  [main] 	Deinitializing Control Panel

15.36.20  [main] 	Initializing Control Panel
15.36.20  [main] 	Windows Version:  Home  64-bit
15.36.20  [main] 	XAMPP Version: 7.1.12
15.36.20  [main] 	Control Panel Version: 3.2.2  [ Compiled: Nov 12th 2015 ]
15.36.20  [main] 	Running with Administrator rights - good!
15.36.20  [main] 	XAMPP Installation Directory: "d:\xampp\"
15.36.20  [main] 	Checking for prerequisites
15.36.23  [main] 	All prerequisites found
15.36.23  [main] 	Initializing Modules
15.36.23  [main] 	The FileZilla module is disabled
15.36.23  [main] 	The Mercury module is disabled
15.36.23  [main] 	Enabling autostart for module "Apache"
15.36.23  [main] 	Enabling autostart for module "MySQL"
15.36.23  [main] 	Starting Check-Timer
15.36.23  [main] 	Control Panel Ready
15.36.24  [Apache] 	Autostart active: starting...
15.36.24  [Apache] 	Attempting to start Apache app...
15.36.24  [mysql] 	Autostart active: starting...
15.36.24  [mysql] 	Attempting to start MySQL app...
15.36.27  [Apache] 	Status change detected: running
15.36.27  [mysql] 	Status change detected: running
16.02.44  [main] 	Executing "d:\xampp\apache"
16.02.51  [main] 	Executing "d:\xampp\phpMyAdmin"
16.13.41  [Apache] 	Attempting to stop Apache (PID: 2576)
16.13.41  [Apache] 	Attempting to stop Apache (PID: 1804)
16.13.41  [Apache] 	Status change detected: stopped
16.13.42  [mysql] 	Attempting to stop MySQL app...
16.13.43  [mysql] 	Status change detected: stopped
16.19.15  [Apache] 	Status change detected: running
16.19.15  [mysql] 	Status change detected: running
16.23.26  [Apache] 	Status change detected: stopped
16.23.28  [mysql] 	Status change detected: stopped
16.24.26  [main] 	Deinitializing Modules
16.24.26  [main] 	Deinitializing Control Panel

23.28.09  [main] 	Initializing Control Panel
23.28.09  [main] 	Windows Version:  Home  64-bit
23.28.09  [main] 	XAMPP Version: 7.1.12
23.28.09  [main] 	Control Panel Version: 3.2.2  [ Compiled: Nov 12th 2015 ]
23.28.09  [main] 	Running with Administrator rights - good!
23.28.09  [main] 	XAMPP Installation Directory: "d:\xampp\"
23.28.09  [main] 	Checking for prerequisites
23.28.11  [main] 	All prerequisites found
23.28.11  [main] 	Initializing Modules
23.28.11  [main] 	The FileZilla module is disabled
23.28.11  [main] 	The Mercury module is disabled
23.28.11  [main] 	Enabling autostart for module "Apache"
23.28.11  [main] 	Enabling autostart for module "MySQL"
23.28.11  [main] 	Starting Check-Timer
23.28.11  [main] 	Control Panel Ready
23.28.11  [Apache] 	Autostart active: starting...
23.28.11  [Apache] 	Attempting to start Apache app...
23.28.12  [mysql] 	Autostart active: starting...
23.28.12  [mysql] 	Attempting to start MySQL app...
23.28.13  [Apache] 	Status change detected: running
23.28.13  [mysql] 	Status change detected: running
23.32.19  [Apache] 	Attempting to stop Apache (PID: 1168)
23.32.19  [Apache] 	Attempting to stop Apache (PID: 10508)
23.32.20  [Apache] 	Status change detected: stopped
23.32.21  [mysql] 	Attempting to stop MySQL app...
23.32.22  [mysql] 	Status change detected: stopped
23.32.47  [main] 	Deinitializing Modules
23.32.47  [main] 	Deinitializing Control Panel

09.04.46  [main] 	Initializing Control Panel
09.04.46  [main] 	Windows Version:  Home  64-bit
09.04.46  [main] 	XAMPP Version: 7.1.12
09.04.46  [main] 	Control Panel Version: 3.2.2  [ Compiled: Nov 12th 2015 ]
09.04.46  [main] 	Running with Administrator rights - good!
09.04.46  [main] 	XAMPP Installation Directory: "d:\xampp\"
09.04.46  [main] 	Checking for prerequisites
09.04.48  [main] 	All prerequisites found
09.04.48  [main] 	Initializing Modules
09.04.48  [main] 	The FileZilla module is disabled
09.04.48  [main] 	The Mercury module is disabled
09.04.48  [main] 	Enabling autostart for module "Apache"
09.04.48  [main] 	Enabling autostart for module "MySQL"
09.04.48  [main] 	Starting Check-Timer
09.04.48  [main] 	Control Panel Ready
09.04.48  [Apache] 	Autostart active: starting...
09.04.48  [Apache] 	Attempting to start Apache app...
09.04.48  [mysql] 	Autostart active: starting...
09.04.48  [mysql] 	Attempting to start MySQL app...
09.04.50  [Apache] 	Status change detected: running
09.04.50  [mysql] 	Status change detected: running
09.20.38  [Apache] 	Attempting to stop Apache (PID: 7032)
09.20.38  [Apache] 	Attempting to stop Apache (PID: 9732)
09.20.38  [Apache] 	Status change detected: stopped
09.20.38  [mysql] 	Attempting to stop MySQL app...
09.20.39  [mysql] 	Status change detected: stopped
09.21.02  [Apache] 	Status change detected: running
09.21.02  [mysql] 	Status change detected: running
09.36.47  [Apache] 	Status change detected: stopped
09.36.48  [mysql] 	Status change detected: stopped
09.53.24  [Apache] 	Status change detected: running
09.53.24  [mysql] 	Status change detected: running
10.44.51  [main] 	Deinitializing Modules
10.44.51  [main] 	Deinitializing Control Panel

09.20.59  [main] 	Initializing Control Panel
09.20.59  [main] 	Windows Version:  Home  64-bit
09.20.59  [main] 	XAMPP Version: 7.1.12
09.20.59  [main] 	Control Panel Version: 3.2.2  [ Compiled: Nov 12th 2015 ]
09.20.59  [main] 	Running with Administrator rights - good!
09.20.59  [main] 	XAMPP Installation Directory: "d:\xampp\"
09.20.59  [main] 	Checking for prerequisites
09.21.01  [main] 	All prerequisites found
09.21.01  [main] 	Initializing Modules
09.21.01  [main] 	The FileZilla module is disabled
09.21.01  [main] 	The Mercury module is disabled
09.21.01  [main] 	Enabling autostart for module "Apache"
09.21.01  [main] 	Enabling autostart for module "MySQL"
09.21.01  [main] 	Starting Check-Timer
09.21.01  [main] 	Control Panel Ready
09.21.01  [Apache] 	Autostart active: starting...
09.21.01  [Apache] 	Attempting to start Apache app...
09.21.01  [mysql] 	Autostart active: starting...
09.21.01  [mysql] 	Attempting to start MySQL app...
09.21.02  [Apache] 	Status change detected: running
09.21.02  [mysql] 	Status change detected: running
09.36.46  [Apache] 	Attempting to stop Apache (PID: 12252)
09.36.46  [Apache] 	Attempting to stop Apache (PID: 12744)
09.36.47  [Apache] 	Status change detected: stopped
09.36.47  [mysql] 	Attempting to stop MySQL app...
09.36.48  [mysql] 	Status change detected: stopped
09.53.23  [Apache] 	Attempting to start Apache app...
09.53.23  [Apache] 	Status change detected: running
09.53.24  [mysql] 	Attempting to start MySQL app...
09.53.24  [mysql] 	Status change detected: running
10.29.35  [main] 	Executing "d:\xampp\phpMyAdmin"
10.29.56  [main] 	Executing "d:\xampp\apache"
10.44.51  [main] 	Deinitializing Modules
10.44.51  [main] 	Deinitializing Control Panel

11.13.10  [main] 	Initializing Control Panel
11.13.10  [main] 	Windows Version:  Home  64-bit
11.13.10  [main] 	XAMPP Version: 7.1.12
11.13.10  [main] 	Control Panel Version: 3.2.2  [ Compiled: Nov 12th 2015 ]
11.13.10  [main] 	Running with Administrator rights - good!
11.13.10  [main] 	XAMPP Installation Directory: "d:\xampp\"
11.13.10  [main] 	Checking for prerequisites
11.13.13  [main] 	All prerequisites found
11.13.13  [main] 	Initializing Modules
11.13.13  [main] 	The FileZilla module is disabled
11.13.13  [main] 	The Mercury module is disabled
11.13.13  [main] 	Enabling autostart for module "Apache"
11.13.13  [main] 	Enabling autostart for module "MySQL"
11.13.13  [main] 	Starting Check-Timer
11.13.13  [main] 	Control Panel Ready
11.13.13  [Apache] 	Autostart active: starting...
11.13.13  [Apache] 	Attempting to start Apache app...
11.13.13  [mysql] 	Autostart active: starting...
11.13.13  [mysql] 	Attempting to start MySQL app...
11.13.19  [Apache] 	Status change detected: running
11.13.19  [mysql] 	Status change detected: running
11.17.58  [Apache] 	Attempting to stop Apache (PID: 9396)
11.17.58  [Apache] 	Attempting to stop Apache (PID: 2964)
11.17.58  [Apache] 	Status change detected: stopped
11.18.00  [mysql] 	Attempting to stop MySQL app...
11.18.00  [mysql] 	Status change detected: stopped
11.18.13  [main] 	Deinitializing Modules
11.18.13  [main] 	Deinitializing Control Panel

12.28.01  [main] 	Initializing Control Panel
12.28.01  [main] 	Windows Version:  Home  64-bit
12.28.01  [main] 	XAMPP Version: 7.1.12
12.28.01  [main] 	Control Panel Version: 3.2.2  [ Compiled: Nov 12th 2015 ]
12.28.01  [main] 	Running with Administrator rights - good!
12.28.01  [main] 	XAMPP Installation Directory: "d:\xampp\"
12.28.01  [main] 	Checking for prerequisites
12.28.03  [main] 	All prerequisites found
12.28.03  [main] 	Initializing Modules
12.28.03  [main] 	The FileZilla module is disabled
12.28.03  [main] 	The Mercury module is disabled
12.28.03  [main] 	Enabling autostart for module "Apache"
12.28.03  [main] 	Enabling autostart for module "MySQL"
12.28.03  [main] 	Starting Check-Timer
12.28.03  [main] 	Control Panel Ready
12.28.04  [Apache] 	Autostart active: starting...
12.28.04  [Apache] 	Attempting to start Apache app...
12.28.04  [mysql] 	Autostart active: starting...
12.28.04  [mysql] 	Attempting to start MySQL app...
12.28.07  [Apache] 	Status change detected: running
12.28.07  [mysql] 	Status change detected: running
12.28.31  [main] 	Executing "d:\xampp\apache\logs"
12.28.36  [main] 	Executing "d:\xampp\php\logs"
12.28.51  [main] 	Executing "d:\xampp\phpMyAdmin"
15.24.30  [Apache] 	Attempting to stop Apache (PID: 11920)
15.24.30  [Apache] 	Attempting to stop Apache (PID: 2904)
15.24.31  [Apache] 	Attempting to stop Apache (PID: 11920)
15.24.31  [Apache] 	Problem killing PID 11920
15.24.31  [Apache] 	Check that you have the proper privileges
15.24.31  [Apache] 	Attempting to stop Apache (PID: 2904)
15.24.31  [Apache] 	Problem killing PID 2904
15.24.31  [Apache] 	Check that you have the proper privileges
15.24.31  [Apache] 	Status change detected: stopped
15.24.32  [mysql] 	Attempting to stop MySQL app...
15.24.33  [mysql] 	Status change detected: stopped
15.24.59  [main] 	Deinitializing Modules
15.24.59  [main] 	Deinitializing Control Panel

16.06.54  [main] 	Initializing Control Panel
16.06.54  [main] 	Windows Version:  Home  64-bit
16.06.54  [main] 	XAMPP Version: 7.1.12
16.06.54  [main] 	Control Panel Version: 3.2.2  [ Compiled: Nov 12th 2015 ]
16.06.54  [main] 	Running with Administrator rights - good!
16.06.54  [main] 	XAMPP Installation Directory: "d:\xampp\"
16.06.54  [main] 	Checking for prerequisites
16.06.57  [main] 	All prerequisites found
16.06.57  [main] 	Initializing Modules
16.06.57  [main] 	The FileZilla module is disabled
16.06.57  [main] 	The Mercury module is disabled
16.06.57  [main] 	Enabling autostart for module "Apache"
16.06.57  [main] 	Enabling autostart for module "MySQL"
16.06.57  [main] 	Starting Check-Timer
16.06.57  [main] 	Control Panel Ready
16.06.57  [Apache] 	Autostart active: starting...
16.06.57  [Apache] 	Attempting to start Apache app...
16.06.58  [mysql] 	Autostart active: starting...
16.06.58  [mysql] 	Attempting to start MySQL app...
16.07.00  [Apache] 	Status change detected: running
16.07.00  [mysql] 	Status change detected: running
16.14.26  [Apache] 	Attempting to stop Apache (PID: 4704)
16.14.26  [Apache] 	Attempting to stop Apache (PID: 10172)
16.14.26  [Apache] 	Status change detected: stopped
16.14.28  [mysql] 	Attempting to stop MySQL app...
16.14.29  [mysql] 	Status change detected: stopped
16.15.00  [main] 	Deinitializing Modules
16.15.00  [main] 	Deinitializing Control Panel

19.42.12  [main] 	Initializing Control Panel
19.42.12  [main] 	Windows Version:  Home  64-bit
19.42.12  [main] 	XAMPP Version: 7.1.12
19.42.12  [main] 	Control Panel Version: 3.2.2  [ Compiled: Nov 12th 2015 ]
19.42.12  [main] 	Running with Administrator rights - good!
19.42.12  [main] 	XAMPP Installation Directory: "d:\xampp\"
19.42.12  [main] 	Checking for prerequisites
19.42.18  [main] 	All prerequisites found
19.42.18  [main] 	Initializing Modules
19.42.18  [main] 	The FileZilla module is disabled
19.42.18  [main] 	The Mercury module is disabled
19.42.18  [main] 	Enabling autostart for module "Apache"
19.42.18  [main] 	Enabling autostart for module "MySQL"
19.42.18  [main] 	Starting Check-Timer
19.42.18  [main] 	Control Panel Ready
19.42.19  [Apache] 	Autostart active: starting...
19.42.19  [Apache] 	Attempting to start Apache app...
19.42.19  [mysql] 	Autostart active: starting...
19.42.19  [mysql] 	Attempting to start MySQL app...
19.42.21  [Apache] 	Status change detected: running
19.42.21  [mysql] 	Status change detected: running
20.47.55  [Apache] 	Attempting to stop Apache (PID: 10180)
20.47.55  [Apache] 	Attempting to stop Apache (PID: 7560)
20.47.55  [Apache] 	Status change detected: stopped
20.47.57  [mysql] 	Attempting to stop MySQL app...
20.47.58  [mysql] 	Status change detected: stopped
23.53.33  [main] 	Deinitializing Modules
23.53.33  [main] 	Deinitializing Control Panel

06.22.27  [main] 	Initializing Control Panel
06.22.27  [main] 	Windows Version:  Home  64-bit
06.22.27  [main] 	XAMPP Version: 7.1.12
06.22.27  [main] 	Control Panel Version: 3.2.2  [ Compiled: Nov 12th 2015 ]
06.22.27  [main] 	Running with Administrator rights - good!
06.22.27  [main] 	XAMPP Installation Directory: "d:\xampp\"
06.22.27  [main] 	Checking for prerequisites
06.22.30  [main] 	All prerequisites found
06.22.30  [main] 	Initializing Modules
06.22.30  [main] 	The FileZilla module is disabled
06.22.30  [main] 	The Mercury module is disabled
06.22.30  [main] 	Enabling autostart for module "Apache"
06.22.30  [main] 	Enabling autostart for module "MySQL"
06.22.30  [main] 	Starting Check-Timer
06.22.30  [main] 	Control Panel Ready
06.22.31  [Apache] 	Autostart active: starting...
06.22.31  [Apache] 	Attempting to start Apache app...
06.22.31  [mysql] 	Autostart active: starting...
06.22.31  [mysql] 	Attempting to start MySQL app...
06.22.33  [Apache] 	Status change detected: running
06.22.33  [mysql] 	Status change detected: running
07.43.42  [Apache] 	Attempting to stop Apache (PID: 13896)
07.43.42  [Apache] 	Attempting to stop Apache (PID: 6868)
07.43.42  [Apache] 	Status change detected: stopped
07.43.48  [mysql] 	Attempting to stop MySQL app...
07.43.49  [mysql] 	Status change detected: stopped
07.44.09  [main] 	Deinitializing Modules
07.44.09  [main] 	Deinitializing Control Panel

08.36.32  [main] 	Initializing Control Panel
08.36.32  [main] 	Windows Version:  Home  64-bit
08.36.32  [main] 	XAMPP Version: 7.1.12
08.36.32  [main] 	Control Panel Version: 3.2.2  [ Compiled: Nov 12th 2015 ]
08.36.32  [main] 	Running with Administrator rights - good!
08.36.32  [main] 	XAMPP Installation Directory: "d:\xampp\"
08.36.32  [main] 	Checking for prerequisites
08.36.36  [main] 	All prerequisites found
08.36.36  [main] 	Initializing Modules
08.36.36  [main] 	The FileZilla module is disabled
08.36.36  [main] 	The Mercury module is disabled
08.36.36  [main] 	Enabling autostart for module "Apache"
08.36.36  [main] 	Enabling autostart for module "MySQL"
08.36.36  [main] 	Starting Check-Timer
08.36.36  [main] 	Control Panel Ready
08.36.37  [Apache] 	Autostart active: starting...
08.36.37  [Apache] 	Attempting to start Apache app...
08.36.37  [mysql] 	Autostart active: starting...
08.36.37  [mysql] 	Attempting to start MySQL app...
08.36.39  [Apache] 	Status change detected: running
08.36.39  [mysql] 	Status change detected: running
09.30.36  [Apache] 	Attempting to stop Apache (PID: 15300)
09.30.36  [Apache] 	Attempting to stop Apache (PID: 12808)
09.30.37  [Apache] 	Status change detected: stopped
09.30.38  [mysql] 	Attempting to stop MySQL app...
09.30.39  [mysql] 	Status change detected: stopped
09.31.00  [main] 	Deinitializing Modules
09.31.00  [main] 	Deinitializing Control Panel

11.09.15  [main] 	Initializing Control Panel
11.09.15  [main] 	Windows Version:  Home  64-bit
11.09.15  [main] 	XAMPP Version: 7.1.12
11.09.15  [main] 	Control Panel Version: 3.2.2  [ Compiled: Nov 12th 2015 ]
11.09.15  [main] 	Running with Administrator rights - good!
11.09.15  [main] 	XAMPP Installation Directory: "d:\xampp\"
11.09.15  [main] 	Checking for prerequisites
11.09.17  [main] 	All prerequisites found
11.09.17  [main] 	Initializing Modules
11.09.17  [main] 	The FileZilla module is disabled
11.09.17  [main] 	The Mercury module is disabled
11.09.17  [main] 	Enabling autostart for module "Apache"
11.09.17  [main] 	Enabling autostart for module "MySQL"
11.09.17  [main] 	Starting Check-Timer
11.09.17  [main] 	Control Panel Ready
11.09.17  [Apache] 	Autostart active: starting...
11.09.17  [Apache] 	Attempting to start Apache app...
11.09.17  [mysql] 	Autostart active: starting...
11.09.17  [mysql] 	Attempting to start MySQL app...
11.09.19  [Apache] 	Status change detected: running
11.09.19  [mysql] 	Status change detected: running
11.50.32  [Apache] 	Attempting to stop Apache (PID: 15212)
11.50.32  [Apache] 	Attempting to stop Apache (PID: 520)
11.50.32  [Apache] 	Status change detected: stopped
11.50.33  [mysql] 	Attempting to stop MySQL app...
11.50.34  [mysql] 	Status change detected: stopped
11.50.51  [main] 	Deinitializing Modules
11.50.51  [main] 	Deinitializing Control Panel

11.53.49  [main] 	Initializing Control Panel
11.53.49  [main] 	Windows Version:  Home  64-bit
11.53.49  [main] 	XAMPP Version: 7.1.12
11.53.49  [main] 	Control Panel Version: 3.2.2  [ Compiled: Nov 12th 2015 ]
11.53.49  [main] 	Running with Administrator rights - good!
11.53.49  [main] 	XAMPP Installation Directory: "d:\xampp\"
11.53.49  [main] 	Checking for prerequisites
11.53.50  [main] 	All prerequisites found
11.53.50  [main] 	Initializing Modules
11.53.50  [main] 	The FileZilla module is disabled
11.53.50  [main] 	The Mercury module is disabled
11.53.50  [main] 	Enabling autostart for module "Apache"
11.53.50  [main] 	Enabling autostart for module "MySQL"
11.53.50  [main] 	Starting Check-Timer
11.53.50  [main] 	Control Panel Ready
11.53.51  [Apache] 	Autostart active: starting...
11.53.51  [Apache] 	Attempting to start Apache app...
11.53.51  [mysql] 	Autostart active: starting...
11.53.51  [mysql] 	Attempting to start MySQL app...
11.53.55  [Apache] 	Status change detected: running
11.53.55  [mysql] 	Status change detected: running
12.12.00  [Apache] 	Attempting to stop Apache (PID: 5752)
12.12.01  [Apache] 	Attempting to stop Apache (PID: 11624)
12.12.01  [Apache] 	Status change detected: stopped
12.12.03  [mysql] 	Attempting to stop MySQL app...
12.12.03  [mysql] 	Status change detected: stopped
12.12.22  [main] 	Deinitializing Modules
12.12.22  [main] 	Deinitializing Control Panel

13.15.14  [main] 	Initializing Control Panel
13.15.14  [main] 	Windows Version:  Home  64-bit
13.15.14  [main] 	XAMPP Version: 7.1.12
13.15.14  [main] 	Control Panel Version: 3.2.2  [ Compiled: Nov 12th 2015 ]
13.15.14  [main] 	Running with Administrator rights - good!
13.15.14  [main] 	XAMPP Installation Directory: "d:\xampp\"
13.15.14  [main] 	Checking for prerequisites
13.15.17  [main] 	All prerequisites found
13.15.17  [main] 	Initializing Modules
13.15.17  [main] 	The FileZilla module is disabled
13.15.17  [main] 	The Mercury module is disabled
13.15.17  [main] 	Enabling autostart for module "Apache"
13.15.17  [main] 	Enabling autostart for module "MySQL"
13.15.17  [main] 	Starting Check-Timer
13.15.17  [main] 	Control Panel Ready
13.15.18  [Apache] 	Autostart active: starting...
13.15.18  [Apache] 	Attempting to start Apache app...
13.15.18  [mysql] 	Autostart active: starting...
13.15.18  [mysql] 	Attempting to start MySQL app...
13.15.18  [Apache] 	Status change detected: running
13.15.18  [mysql] 	Status change detected: running
15.51.21  [Apache] 	Attempting to stop Apache (PID: 7188)
15.51.21  [Apache] 	Attempting to stop Apache (PID: 13960)
15.51.21  [Apache] 	Status change detected: stopped
15.51.23  [mysql] 	Attempting to stop MySQL app...
15.51.23  [mysql] 	Status change detected: stopped
16.24.40  [main] 	Deinitializing Modules
16.24.40  [main] 	Deinitializing Control Panel

20.10.28  [main] 	Initializing Control Panel
20.10.28  [main] 	Windows Version:  Home  64-bit
20.10.28  [main] 	XAMPP Version: 7.1.12
20.10.28  [main] 	Control Panel Version: 3.2.2  [ Compiled: Nov 12th 2015 ]
20.10.28  [main] 	Running with Administrator rights - good!
20.10.28  [main] 	XAMPP Installation Directory: "d:\xampp\"
20.10.28  [main] 	Checking for prerequisites
20.10.33  [main] 	All prerequisites found
20.10.33  [main] 	Initializing Modules
20.10.33  [main] 	The FileZilla module is disabled
20.10.33  [main] 	The Mercury module is disabled
20.10.33  [main] 	Enabling autostart for module "Apache"
20.10.33  [main] 	Enabling autostart for module "MySQL"
20.10.33  [main] 	Starting Check-Timer
20.10.33  [main] 	Control Panel Ready
20.10.34  [Apache] 	Autostart active: starting...
20.10.34  [Apache] 	Attempting to start Apache app...
20.10.34  [mysql] 	Autostart active: starting...
20.10.34  [mysql] 	Attempting to start MySQL app...
20.10.36  [Apache] 	Status change detected: running
20.10.36  [mysql] 	Status change detected: running
22.09.06  [Apache] 	Attempting to stop Apache (PID: 9632)
22.09.06  [Apache] 	Attempting to stop Apache (PID: 11860)
22.09.07  [Apache] 	Status change detected: stopped
22.09.08  [mysql] 	Attempting to stop MySQL app...
22.09.09  [mysql] 	Status change detected: stopped
23.39.29  [main] 	Deinitializing Modules
23.39.29  [main] 	Deinitializing Control Panel

20.08.38  [main] 	Initializing Control Panel
20.08.38  [main] 	Windows Version:  Home  64-bit
20.08.39  [main] 	XAMPP Version: 7.1.12
20.08.39  [main] 	Control Panel Version: 3.2.2  [ Compiled: Nov 12th 2015 ]
20.08.39  [main] 	Running with Administrator rights - good!
20.08.39  [main] 	XAMPP Installation Directory: "d:\xampp\"
20.08.39  [main] 	Checking for prerequisites
20.08.41  [main] 	All prerequisites found
20.08.41  [main] 	Initializing Modules
20.08.41  [main] 	The FileZilla module is disabled
20.08.41  [main] 	The Mercury module is disabled
20.08.41  [main] 	Enabling autostart for module "Apache"
20.08.41  [main] 	Enabling autostart for module "MySQL"
20.08.41  [main] 	Starting Check-Timer
20.08.41  [main] 	Control Panel Ready
20.08.41  [Apache] 	Autostart active: starting...
20.08.41  [Apache] 	Attempting to start Apache app...
20.08.42  [mysql] 	Autostart active: starting...
20.08.42  [mysql] 	Attempting to start MySQL app...
20.08.44  [Apache] 	Status change detected: running
20.08.44  [mysql] 	Status change detected: running
20.47.50  [Apache] 	Attempting to stop Apache (PID: 3980)
20.47.50  [Apache] 	Attempting to stop Apache (PID: 8176)
20.47.50  [Apache] 	Status change detected: stopped
20.47.51  [mysql] 	Attempting to stop MySQL app...
20.47.52  [mysql] 	Status change detected: stopped
22.59.10  [main] 	Deinitializing Modules
22.59.10  [main] 	Deinitializing Control Panel

20.11.05  [main] 	Initializing Control Panel
20.11.05  [main] 	Windows Version:  Home  64-bit
20.11.05  [main] 	XAMPP Version: 7.1.12
20.11.05  [main] 	Control Panel Version: 3.2.2  [ Compiled: Nov 12th 2015 ]
20.11.05  [main] 	Running with Administrator rights - good!
20.11.05  [main] 	XAMPP Installation Directory: "d:\xampp\"
20.11.05  [main] 	Checking for prerequisites
20.11.11  [main] 	All prerequisites found
20.11.11  [main] 	Initializing Modules
20.11.11  [main] 	The FileZilla module is disabled
20.11.11  [main] 	The Mercury module is disabled
20.11.11  [main] 	Enabling autostart for module "Apache"
20.11.11  [main] 	Enabling autostart for module "MySQL"
20.11.11  [main] 	Starting Check-Timer
20.11.11  [main] 	Control Panel Ready
20.11.11  [Apache] 	Autostart active: starting...
20.11.11  [Apache] 	Attempting to start Apache app...
20.11.12  [mysql] 	Autostart active: starting...
20.11.12  [mysql] 	Attempting to start MySQL app...
20.11.13  [Apache] 	Status change detected: running
20.11.13  [mysql] 	Status change detected: running
20.24.29  [Apache] 	Attempting to stop Apache (PID: 14364)
20.24.29  [Apache] 	Attempting to stop Apache (PID: 528)
20.24.29  [Apache] 	Status change detected: stopped
20.24.30  [mysql] 	Attempting to stop MySQL app...
20.24.30  [mysql] 	Status change detected: stopped
23.05.33  [main] 	Deinitializing Modules
23.05.33  [main] 	Deinitializing Control Panel

18.48.02  [main] 	Initializing Control Panel
18.48.02  [main] 	Windows Version:  Home  64-bit
18.48.02  [main] 	XAMPP Version: 7.1.12
18.48.02  [main] 	Control Panel Version: 3.2.2  [ Compiled: Nov 12th 2015 ]
18.48.02  [main] 	Running with Administrator rights - good!
18.48.02  [main] 	XAMPP Installation Directory: "d:\xampp\"
18.48.02  [main] 	Checking for prerequisites
18.48.05  [main] 	All prerequisites found
18.48.05  [main] 	Initializing Modules
18.48.05  [main] 	The FileZilla module is disabled
18.48.05  [main] 	The Mercury module is disabled
18.48.05  [main] 	Enabling autostart for module "Apache"
18.48.05  [main] 	Enabling autostart for module "MySQL"
18.48.05  [main] 	Starting Check-Timer
18.48.05  [main] 	Control Panel Ready
18.48.05  [Apache] 	Autostart active: starting...
18.48.05  [Apache] 	Attempting to start Apache app...
18.48.05  [mysql] 	Autostart active: starting...
18.48.05  [mysql] 	Attempting to start MySQL app...
18.48.07  [Apache] 	Status change detected: running
18.48.07  [mysql] 	Status change detected: running
20.38.27  [Apache] 	Attempting to stop Apache (PID: 10224)
20.38.27  [Apache] 	Attempting to stop Apache (PID: 16296)
20.38.27  [Apache] 	Status change detected: stopped
20.38.29  [mysql] 	Attempting to stop MySQL app...
20.38.30  [mysql] 	Status change detected: stopped
20.42.36  [Apache] 	Attempting to start Apache app...
20.42.36  [Apache] 	Status change detected: running
20.42.38  [mysql] 	Attempting to start MySQL app...
20.42.40  [mysql] 	Status change detected: running
21.11.09  [Apache] 	Attempting to stop Apache (PID: 2296)
21.11.09  [Apache] 	Attempting to stop Apache (PID: 7680)
21.11.10  [Apache] 	Status change detected: stopped
21.11.11  [mysql] 	Attempting to stop MySQL app...
21.11.11  [mysql] 	Status change detected: stopped
21.11.32  [main] 	Deinitializing Modules
21.11.32  [main] 	Deinitializing Control Panel

20.51.32  [main] 	Initializing Control Panel
20.51.32  [main] 	Windows Version:  Home  64-bit
20.51.32  [main] 	XAMPP Version: 7.1.12
20.51.32  [main] 	Control Panel Version: 3.2.2  [ Compiled: Nov 12th 2015 ]
20.51.32  [main] 	Running with Administrator rights - good!
20.51.32  [main] 	XAMPP Installation Directory: "d:\xampp\"
20.51.32  [main] 	Checking for prerequisites
20.51.35  [main] 	All prerequisites found
20.51.35  [main] 	Initializing Modules
20.51.35  [main] 	The FileZilla module is disabled
20.51.35  [main] 	The Mercury module is disabled
20.51.35  [main] 	Enabling autostart for module "Apache"
20.51.35  [main] 	Enabling autostart for module "MySQL"
20.51.35  [main] 	Starting Check-Timer
20.51.35  [main] 	Control Panel Ready
20.51.36  [Apache] 	Autostart active: starting...
20.51.36  [Apache] 	Attempting to start Apache app...
20.51.36  [mysql] 	Autostart active: starting...
20.51.36  [mysql] 	Attempting to start MySQL app...
20.51.40  [Apache] 	Status change detected: running
20.51.40  [mysql] 	Status change detected: running
20.54.32  [Apache] 	Attempting to stop Apache (PID: 11728)
20.54.32  [Apache] 	Attempting to stop Apache (PID: 13760)
20.54.33  [Apache] 	Status change detected: stopped
20.54.33  [mysql] 	Attempting to stop MySQL app...
20.54.34  [mysql] 	Status change detected: stopped
22.53.09  [main] 	Deinitializing Modules
22.53.09  [main] 	Deinitializing Control Panel

06.45.45  [main] 	Initializing Control Panel
06.45.45  [main] 	Windows Version:  Home  64-bit
06.45.45  [main] 	XAMPP Version: 7.1.12
06.45.45  [main] 	Control Panel Version: 3.2.2  [ Compiled: Nov 12th 2015 ]
06.45.45  [main] 	Running with Administrator rights - good!
06.45.45  [main] 	XAMPP Installation Directory: "d:\xampp\"
06.45.45  [main] 	Checking for prerequisites
06.45.47  [main] 	All prerequisites found
06.45.47  [main] 	Initializing Modules
06.45.47  [main] 	The FileZilla module is disabled
06.45.47  [main] 	The Mercury module is disabled
06.45.47  [main] 	Enabling autostart for module "Apache"
06.45.47  [main] 	Enabling autostart for module "MySQL"
06.45.47  [main] 	Starting Check-Timer
06.45.47  [main] 	Control Panel Ready
06.45.48  [Apache] 	Autostart active: starting...
06.45.48  [Apache] 	Attempting to start Apache app...
06.45.48  [mysql] 	Autostart active: starting...
06.45.48  [mysql] 	Attempting to start MySQL app...
06.45.51  [Apache] 	Status change detected: running
06.45.51  [mysql] 	Status change detected: running
07.57.18  [Apache] 	Attempting to stop Apache (PID: 5004)
07.57.18  [Apache] 	Attempting to stop Apache (PID: 9932)
07.57.18  [Apache] 	Status change detected: stopped
07.57.19  [mysql] 	Attempting to stop MySQL app...
07.57.19  [mysql] 	Status change detected: stopped
07.57.43  [main] 	Deinitializing Modules
07.57.43  [main] 	Deinitializing Control Panel

21.21.51  [main] 	Initializing Control Panel
21.21.51  [main] 	Windows Version:  Home  64-bit
21.21.51  [main] 	XAMPP Version: 7.1.12
21.21.51  [main] 	Control Panel Version: 3.2.2  [ Compiled: Nov 12th 2015 ]
21.21.51  [main] 	Running with Administrator rights - good!
21.21.51  [main] 	XAMPP Installation Directory: "d:\xampp\"
21.21.51  [main] 	Checking for prerequisites
21.21.53  [main] 	All prerequisites found
21.21.53  [main] 	Initializing Modules
21.21.53  [main] 	The FileZilla module is disabled
21.21.53  [main] 	The Mercury module is disabled
21.21.53  [main] 	Enabling autostart for module "Apache"
21.21.53  [main] 	Enabling autostart for module "MySQL"
21.21.53  [main] 	Starting Check-Timer
21.21.53  [main] 	Control Panel Ready
21.21.53  [Apache] 	Autostart active: starting...
21.21.53  [Apache] 	Attempting to start Apache app...
21.21.53  [mysql] 	Autostart active: starting...
21.21.53  [mysql] 	Attempting to start MySQL app...
21.21.55  [Apache] 	Status change detected: running
21.21.55  [mysql] 	Status change detected: running
00.01.02  [Apache] 	Attempting to stop Apache (PID: 1844)
00.01.02  [Apache] 	Attempting to stop Apache (PID: 8440)
00.01.03  [Apache] 	Status change detected: stopped
00.01.04  [mysql] 	Attempting to stop MySQL app...
00.01.04  [mysql] 	Status change detected: stopped
00.03.52  [main] 	Deinitializing Modules
00.03.52  [main] 	Deinitializing Control Panel

15.28.27  [main] 	Initializing Control Panel
15.28.27  [main] 	Windows Version:  Home  64-bit
15.28.27  [main] 	XAMPP Version: 7.1.12
15.28.27  [main] 	Control Panel Version: 3.2.2  [ Compiled: Nov 12th 2015 ]
15.28.27  [main] 	Running with Administrator rights - good!
15.28.27  [main] 	XAMPP Installation Directory: "d:\xampp\"
15.28.27  [main] 	Checking for prerequisites
15.28.29  [main] 	All prerequisites found
15.28.29  [main] 	Initializing Modules
15.28.29  [main] 	The FileZilla module is disabled
15.28.29  [main] 	The Mercury module is disabled
15.28.29  [main] 	Enabling autostart for module "Apache"
15.28.29  [main] 	Enabling autostart for module "MySQL"
15.28.29  [main] 	Starting Check-Timer
15.28.29  [main] 	Control Panel Ready
15.28.30  [Apache] 	Autostart active: starting...
15.28.30  [Apache] 	Attempting to start Apache app...
15.28.30  [mysql] 	Autostart active: starting...
15.28.30  [mysql] 	Attempting to start MySQL app...
15.28.32  [Apache] 	Status change detected: running
15.28.32  [mysql] 	Status change detected: running
17.13.29  [Apache] 	Attempting to stop Apache (PID: 6736)
17.13.29  [Apache] 	Attempting to stop Apache (PID: 6792)
17.13.29  [Apache] 	Status change detected: stopped
17.13.31  [mysql] 	Attempting to stop MySQL app...
17.13.32  [mysql] 	Status change detected: stopped
17.13.56  [main] 	Deinitializing Modules
17.13.56  [main] 	Deinitializing Control Panel

18.49.39  [main] 	Initializing Control Panel
18.49.39  [main] 	Windows Version:  Home  64-bit
18.49.39  [main] 	XAMPP Version: 7.1.12
18.49.39  [main] 	Control Panel Version: 3.2.2  [ Compiled: Nov 12th 2015 ]
18.49.39  [main] 	Running with Administrator rights - good!
18.49.39  [main] 	XAMPP Installation Directory: "d:\xampp\"
18.49.39  [main] 	Checking for prerequisites
18.49.43  [main] 	All prerequisites found
18.49.43  [main] 	Initializing Modules
18.49.43  [main] 	The FileZilla module is disabled
18.49.43  [main] 	The Mercury module is disabled
18.49.43  [main] 	Enabling autostart for module "Apache"
18.49.43  [main] 	Enabling autostart for module "MySQL"
18.49.43  [main] 	Starting Check-Timer
18.49.43  [main] 	Control Panel Ready
18.49.45  [Apache] 	Autostart active: starting...
18.49.45  [Apache] 	Attempting to start Apache app...
18.49.45  [mysql] 	Autostart active: starting...
18.49.45  [mysql] 	Attempting to start MySQL app...
18.49.47  [Apache] 	Status change detected: running
18.49.47  [mysql] 	Status change detected: running
19.04.29  [Apache] 	Attempting to stop Apache (PID: 1384)
19.04.29  [Apache] 	Attempting to stop Apache (PID: 1984)
19.04.29  [Apache] 	Status change detected: stopped
19.04.30  [mysql] 	Attempting to stop MySQL app...
19.04.30  [mysql] 	Status change detected: stopped
19.05.11  [main] 	Deinitializing Modules
19.05.11  [main] 	Deinitializing Control Panel

20.42.49  [main] 	Initializing Control Panel
20.42.49  [main] 	Windows Version:  Home  64-bit
20.42.49  [main] 	XAMPP Version: 7.1.12
20.42.49  [main] 	Control Panel Version: 3.2.2  [ Compiled: Nov 12th 2015 ]
20.42.49  [main] 	Running with Administrator rights - good!
20.42.49  [main] 	XAMPP Installation Directory: "d:\xampp\"
20.42.49  [main] 	Checking for prerequisites
20.42.52  [main] 	All prerequisites found
20.42.52  [main] 	Initializing Modules
20.42.52  [main] 	The FileZilla module is disabled
20.42.52  [main] 	The Mercury module is disabled
20.42.52  [main] 	Enabling autostart for module "Apache"
20.42.52  [main] 	Enabling autostart for module "MySQL"
20.42.52  [main] 	Starting Check-Timer
20.42.52  [main] 	Control Panel Ready
20.42.52  [Apache] 	Autostart active: starting...
20.42.52  [Apache] 	Attempting to start Apache app...
20.42.52  [mysql] 	Autostart active: starting...
20.42.52  [mysql] 	Attempting to start MySQL app...
20.42.54  [Apache] 	Status change detected: running
20.42.54  [mysql] 	Status change detected: running
23.32.25  [Apache] 	Attempting to stop Apache (PID: 6496)
23.32.25  [Apache] 	Attempting to stop Apache (PID: 10504)
23.32.26  [Apache] 	Status change detected: stopped
23.32.27  [mysql] 	Attempting to stop MySQL app...
23.32.28  [mysql] 	Status change detected: stopped
23.32.59  [main] 	Deinitializing Modules
23.32.59  [main] 	Deinitializing Control Panel

08.34.51  [main] 	Initializing Control Panel
08.34.51  [main] 	Windows Version:  Home  64-bit
08.34.51  [main] 	XAMPP Version: 7.1.12
08.34.51  [main] 	Control Panel Version: 3.2.2  [ Compiled: Nov 12th 2015 ]
08.34.51  [main] 	Running with Administrator rights - good!
08.34.51  [main] 	XAMPP Installation Directory: "d:\xampp\"
08.34.51  [main] 	Checking for prerequisites
08.34.53  [main] 	All prerequisites found
08.34.53  [main] 	Initializing Modules
08.34.53  [main] 	The FileZilla module is disabled
08.34.53  [main] 	The Mercury module is disabled
08.34.53  [main] 	Enabling autostart for module "Apache"
08.34.53  [main] 	Enabling autostart for module "MySQL"
08.34.53  [main] 	Starting Check-Timer
08.34.53  [main] 	Control Panel Ready
08.34.54  [Apache] 	Autostart active: starting...
08.34.54  [Apache] 	Attempting to start Apache app...
08.34.54  [mysql] 	Autostart active: starting...
08.34.54  [mysql] 	Attempting to start MySQL app...
08.34.56  [Apache] 	Status change detected: running
08.34.56  [mysql] 	Status change detected: running
09.22.19  [Apache] 	Attempting to stop Apache (PID: 5600)
09.22.19  [Apache] 	Attempting to stop Apache (PID: 4136)
09.22.20  [Apache] 	Status change detected: stopped
09.22.21  [mysql] 	Attempting to stop MySQL app...
09.22.22  [mysql] 	Status change detected: stopped
09.23.29  [main] 	Deinitializing Modules
09.23.29  [main] 	Deinitializing Control Panel

14.13.34  [main] 	Initializing Control Panel
14.13.34  [main] 	Windows Version:  Home  64-bit
14.13.34  [main] 	XAMPP Version: 7.1.12
14.13.34  [main] 	Control Panel Version: 3.2.2  [ Compiled: Nov 12th 2015 ]
14.13.34  [main] 	Running with Administrator rights - good!
14.13.34  [main] 	XAMPP Installation Directory: "d:\xampp\"
14.13.34  [main] 	Checking for prerequisites
14.13.36  [main] 	All prerequisites found
14.13.36  [main] 	Initializing Modules
14.13.36  [main] 	The FileZilla module is disabled
14.13.36  [main] 	The Mercury module is disabled
14.13.36  [main] 	Enabling autostart for module "Apache"
14.13.36  [main] 	Enabling autostart for module "MySQL"
14.13.36  [main] 	Starting Check-Timer
14.13.36  [main] 	Control Panel Ready
14.13.37  [Apache] 	Autostart active: starting...
14.13.37  [Apache] 	Attempting to start Apache app...
14.13.37  [mysql] 	Autostart active: starting...
14.13.37  [mysql] 	Attempting to start MySQL app...
14.13.39  [Apache] 	Status change detected: running
14.13.39  [mysql] 	Status change detected: running
17.19.11  [Apache] 	Attempting to stop Apache (PID: 3368)
17.19.11  [Apache] 	Attempting to stop Apache (PID: 5424)
17.19.11  [Apache] 	Status change detected: stopped
17.19.12  [mysql] 	Attempting to stop MySQL app...
17.19.13  [mysql] 	Status change detected: stopped
17.32.43  [main] 	Deinitializing Modules
17.32.43  [main] 	Deinitializing Control Panel

23.15.39  [main] 	Initializing Control Panel
23.15.39  [main] 	Windows Version:  Home  64-bit
23.15.39  [main] 	XAMPP Version: 7.1.12
23.15.39  [main] 	Control Panel Version: 3.2.2  [ Compiled: Nov 12th 2015 ]
23.15.39  [main] 	Running with Administrator rights - good!
23.15.39  [main] 	XAMPP Installation Directory: "d:\xampp\"
23.15.39  [main] 	Checking for prerequisites
23.15.41  [main] 	All prerequisites found
23.15.41  [main] 	Initializing Modules
23.15.41  [Apache] 	XAMPP Apache is already running on port 80
23.15.41  [main] 	The FileZilla module is disabled
23.15.41  [main] 	The Mercury module is disabled
23.15.41  [main] 	Enabling autostart for module "Apache"
23.15.41  [main] 	Enabling autostart for module "MySQL"
23.15.41  [main] 	Starting Check-Timer
23.15.41  [main] 	Control Panel Ready
23.15.42  [Apache] 	Autostart aborted: Apache is already running
23.15.42  [mysql] 	Autostart aborted: MySQL is already running
23.44.28  [main] 	Deinitializing Modules
23.44.28  [main] 	Deinitializing Control Panel

23.28.06  [main] 	Initializing Control Panel
23.28.06  [main] 	Windows Version:  Home  64-bit
23.28.06  [main] 	XAMPP Version: 7.1.12
23.28.06  [main] 	Control Panel Version: 3.2.2  [ Compiled: Nov 12th 2015 ]
23.28.06  [main] 	Running with Administrator rights - good!
23.28.06  [main] 	XAMPP Installation Directory: "d:\xampp\"
23.28.06  [main] 	Checking for prerequisites
23.28.07  [main] 	All prerequisites found
23.28.07  [main] 	Initializing Modules
23.28.07  [Apache] 	XAMPP Apache is already running on port 80
23.28.07  [main] 	The FileZilla module is disabled
23.28.07  [main] 	The Mercury module is disabled
23.28.07  [main] 	Enabling autostart for module "Apache"
23.28.07  [main] 	Enabling autostart for module "MySQL"
23.28.07  [main] 	Starting Check-Timer
23.28.07  [main] 	Control Panel Ready
23.28.07  [Apache] 	Autostart aborted: Apache is already running
23.28.07  [mysql] 	Autostart aborted: MySQL is already running
23.44.28  [main] 	Deinitializing Modules
23.44.28  [main] 	Deinitializing Control Panel

06.45.14  [main] 	Initializing Control Panel
06.45.14  [main] 	Windows Version:  Home  64-bit
06.45.14  [main] 	XAMPP Version: 7.1.12
06.45.14  [main] 	Control Panel Version: 3.2.2  [ Compiled: Nov 12th 2015 ]
06.45.14  [main] 	Running with Administrator rights - good!
06.45.14  [main] 	XAMPP Installation Directory: "d:\xampp\"
06.45.14  [main] 	Checking for prerequisites
06.45.14  [main] 	All prerequisites found
06.45.14  [main] 	Initializing Modules
06.45.14  [main] 	The FileZilla module is disabled
06.45.14  [main] 	The Mercury module is disabled
06.45.14  [main] 	Enabling autostart for module "Apache"
06.45.14  [main] 	Enabling autostart for module "MySQL"
06.45.14  [main] 	Starting Check-Timer
06.45.14  [main] 	Control Panel Ready
06.45.15  [Apache] 	Autostart aborted: Apache is already running
06.45.15  [mysql] 	Autostart active: starting...
06.45.15  [mysql] 	Attempting to start MySQL app...
06.45.15  [mysql] 	Status change detected: running
06.57.51  [main] 	Deinitializing Modules
06.57.51  [main] 	Deinitializing Control Panel

12.02.40  [main] 	Initializing Control Panel
12.02.40  [main] 	Windows Version:  Home  64-bit
12.02.40  [main] 	XAMPP Version: 7.1.12
12.02.40  [main] 	Control Panel Version: 3.2.2  [ Compiled: Nov 12th 2015 ]
12.02.40  [main] 	Running with Administrator rights - good!
12.02.40  [main] 	XAMPP Installation Directory: "d:\xampp\"
12.02.40  [main] 	Checking for prerequisites
12.02.42  [main] 	All prerequisites found
12.02.42  [main] 	Initializing Modules
12.02.42  [Apache] 	XAMPP Apache is already running on port 80
12.02.42  [main] 	The FileZilla module is disabled
12.02.42  [main] 	The Mercury module is disabled
12.02.42  [main] 	Enabling autostart for module "Apache"
12.02.42  [main] 	Enabling autostart for module "MySQL"
12.02.42  [main] 	Starting Check-Timer
12.02.42  [main] 	Control Panel Ready
12.02.42  [Apache] 	Autostart aborted: Apache is already running
12.02.42  [mysql] 	Autostart aborted: MySQL is already running
12.11.41  [Apache] 	Status change detected: stopped
12.11.41  [Apache] 	Error: Apache shutdown unexpectedly.
12.11.41  [Apache] 	This may be due to a blocked port, missing dependencies, 
12.11.41  [Apache] 	improper privileges, a crash, or a shutdown by another method.
12.11.41  [Apache] 	Press the Logs button to view error logs and check
12.11.41  [Apache] 	the Windows Event Viewer for more clues
12.11.41  [Apache] 	If you need more help, copy and post this
12.11.41  [Apache] 	entire log window on the forums
12.11.42  [mysql] 	Status change detected: stopped
12.11.42  [mysql] 	Error: MySQL shutdown unexpectedly.
12.11.42  [mysql] 	This may be due to a blocked port, missing dependencies, 
12.11.42  [mysql] 	improper privileges, a crash, or a shutdown by another method.
12.11.42  [mysql] 	Press the Logs button to view error logs and check
12.11.42  [mysql] 	the Windows Event Viewer for more clues
12.11.42  [mysql] 	If you need more help, copy and post this
12.11.42  [mysql] 	entire log window on the forums
12.12.05  [main] 	Deinitializing Modules
12.12.05  [main] 	Deinitializing Control Panel

12.10.43  [main] 	Initializing Control Panel
12.10.43  [main] 	Windows Version:  Home  64-bit
12.10.43  [main] 	XAMPP Version: 7.1.12
12.10.43  [main] 	Control Panel Version: 3.2.2  [ Compiled: Nov 12th 2015 ]
12.10.43  [main] 	Running with Administrator rights - good!
12.10.43  [main] 	XAMPP Installation Directory: "d:\xampp\"
12.10.43  [main] 	Checking for prerequisites
12.10.43  [main] 	All prerequisites found
12.10.43  [main] 	Initializing Modules
12.10.43  [Apache] 	XAMPP Apache is already running on port 80
12.10.43  [main] 	The FileZilla module is disabled
12.10.43  [main] 	The Mercury module is disabled
12.10.43  [main] 	Enabling autostart for module "Apache"
12.10.43  [main] 	Enabling autostart for module "MySQL"
12.10.43  [main] 	Starting Check-Timer
12.10.43  [main] 	Control Panel Ready
12.10.44  [Apache] 	Autostart aborted: Apache is already running
12.10.44  [mysql] 	Autostart aborted: MySQL is already running
12.11.40  [Apache] 	Attempting to stop Apache (PID: 512)
12.11.40  [Apache] 	Attempting to stop Apache (PID: 1096)
12.11.41  [Apache] 	Status change detected: stopped
12.11.42  [mysql] 	Attempting to stop MySQL app...
12.11.42  [mysql] 	Status change detected: stopped
12.12.05  [main] 	Deinitializing Modules
12.12.05  [main] 	Deinitializing Control Panel

13.15.38  [main] 	Initializing Control Panel
13.15.38  [main] 	Windows Version:  Home  64-bit
13.15.38  [main] 	XAMPP Version: 7.1.12
13.15.38  [main] 	Control Panel Version: 3.2.2  [ Compiled: Nov 12th 2015 ]
13.15.38  [main] 	Running with Administrator rights - good!
13.15.38  [main] 	XAMPP Installation Directory: "d:\xampp\"
13.15.38  [main] 	Checking for prerequisites
13.15.39  [main] 	All prerequisites found
13.15.39  [main] 	Initializing Modules
13.15.39  [main] 	The FileZilla module is disabled
13.15.39  [main] 	The Mercury module is disabled
13.15.39  [main] 	Enabling autostart for module "Apache"
13.15.39  [main] 	Enabling autostart for module "MySQL"
13.15.39  [main] 	Starting Check-Timer
13.15.39  [main] 	Control Panel Ready
13.15.40  [Apache] 	Autostart active: starting...
13.15.40  [Apache] 	Attempting to start Apache app...
13.15.40  [mysql] 	Autostart active: starting...
13.15.40  [mysql] 	Attempting to start MySQL app...
13.15.42  [Apache] 	Status change detected: running
13.15.42  [mysql] 	Status change detected: running
14.28.20  [Apache] 	Attempting to stop Apache (PID: 9236)
14.28.20  [Apache] 	Attempting to stop Apache (PID: 11960)
14.28.20  [Apache] 	Status change detected: stopped
14.28.23  [mysql] 	Attempting to stop MySQL app...
14.28.24  [mysql] 	Status change detected: stopped
14.28.43  [main] 	Deinitializing Modules
14.28.43  [main] 	Deinitializing Control Panel

13.05.33  [main] 	Initializing Control Panel
13.05.33  [main] 	Windows Version:  Home  64-bit
13.05.33  [main] 	XAMPP Version: 7.1.12
13.05.33  [main] 	Control Panel Version: 3.2.2  [ Compiled: Nov 12th 2015 ]
13.05.33  [main] 	Running with Administrator rights - good!
13.05.33  [main] 	XAMPP Installation Directory: "d:\xampp\"
13.05.33  [main] 	Checking for prerequisites
13.05.35  [main] 	All prerequisites found
13.05.35  [main] 	Initializing Modules
13.05.35  [main] 	The FileZilla module is disabled
13.05.35  [main] 	The Mercury module is disabled
13.05.35  [main] 	Enabling autostart for module "Apache"
13.05.35  [main] 	Enabling autostart for module "MySQL"
13.05.35  [main] 	Starting Check-Timer
13.05.35  [main] 	Control Panel Ready
13.05.36  [Apache] 	Autostart active: starting...
13.05.36  [Apache] 	Attempting to start Apache app...
13.05.36  [mysql] 	Autostart active: starting...
13.05.36  [mysql] 	Attempting to start MySQL app...
13.05.38  [Apache] 	Status change detected: running
13.05.38  [mysql] 	Status change detected: running
13.21.29  [Apache] 	Attempting to stop Apache (PID: 13700)
13.21.29  [Apache] 	Attempting to stop Apache (PID: 12496)
13.21.30  [Apache] 	Status change detected: stopped
13.21.31  [mysql] 	Attempting to stop MySQL app...
13.21.32  [mysql] 	Status change detected: stopped
13.21.53  [main] 	Deinitializing Modules
13.21.53  [main] 	Deinitializing Control Panel

15.08.59  [main] 	Initializing Control Panel
15.08.59  [main] 	Windows Version:  Home  64-bit
15.08.59  [main] 	XAMPP Version: 7.1.12
15.08.59  [main] 	Control Panel Version: 3.2.2  [ Compiled: Nov 12th 2015 ]
15.08.59  [main] 	Running with Administrator rights - good!
15.08.59  [main] 	XAMPP Installation Directory: "d:\xampp\"
15.08.59  [main] 	Checking for prerequisites
15.09.02  [main] 	All prerequisites found
15.09.02  [main] 	Initializing Modules
15.09.02  [main] 	The FileZilla module is disabled
15.09.02  [main] 	The Mercury module is disabled
15.09.02  [main] 	Enabling autostart for module "Apache"
15.09.02  [main] 	Enabling autostart for module "MySQL"
15.09.02  [main] 	Starting Check-Timer
15.09.02  [main] 	Control Panel Ready
15.09.03  [Apache] 	Autostart active: starting...
15.09.03  [Apache] 	Attempting to start Apache app...
15.09.03  [mysql] 	Autostart active: starting...
15.09.03  [mysql] 	Attempting to start MySQL app...
15.09.05  [Apache] 	Status change detected: running
15.09.05  [mysql] 	Status change detected: running
17.50.58  [Apache] 	Attempting to stop Apache (PID: 8216)
17.50.58  [Apache] 	Attempting to stop Apache (PID: 8120)
17.50.59  [Apache] 	Status change detected: stopped
17.51.00  [mysql] 	Attempting to stop MySQL app...
17.51.01  [mysql] 	Status change detected: stopped
17.51.36  [main] 	Deinitializing Modules
17.51.36  [main] 	Deinitializing Control Panel

22.49.57  [main] 	Initializing Control Panel
22.49.57  [main] 	Windows Version:  Home  64-bit
22.49.57  [main] 	XAMPP Version: 7.1.12
22.49.57  [main] 	Control Panel Version: 3.2.2  [ Compiled: Nov 12th 2015 ]
22.49.57  [main] 	Running with Administrator rights - good!
22.49.57  [main] 	XAMPP Installation Directory: "d:\xampp\"
22.49.57  [main] 	Checking for prerequisites
22.49.59  [main] 	All prerequisites found
22.49.59  [main] 	Initializing Modules
22.49.59  [main] 	The FileZilla module is disabled
22.49.59  [main] 	The Mercury module is disabled
22.49.59  [main] 	Enabling autostart for module "Apache"
22.49.59  [main] 	Enabling autostart for module "MySQL"
22.49.59  [main] 	Starting Check-Timer
22.49.59  [main] 	Control Panel Ready
22.50.00  [Apache] 	Autostart active: starting...
22.50.00  [Apache] 	Attempting to start Apache app...
22.50.00  [mysql] 	Autostart active: starting...
22.50.00  [mysql] 	Attempting to start MySQL app...
22.50.02  [Apache] 	Status change detected: running
22.50.02  [mysql] 	Status change detected: running
23.48.41  [Apache] 	Attempting to stop Apache (PID: 932)
23.48.41  [Apache] 	Attempting to stop Apache (PID: 6180)
23.48.41  [Apache] 	Status change detected: stopped
23.48.43  [mysql] 	Attempting to stop MySQL app...
23.48.44  [mysql] 	Status change detected: stopped
23.53.12  [main] 	Deinitializing Modules
23.53.12  [main] 	Deinitializing Control Panel

20.29.17  [main] 	Initializing Control Panel
20.29.17  [main] 	Windows Version:  Home  64-bit
20.29.17  [main] 	XAMPP Version: 7.1.12
20.29.17  [main] 	Control Panel Version: 3.2.2  [ Compiled: Nov 12th 2015 ]
20.29.17  [main] 	Running with Administrator rights - good!
20.29.17  [main] 	XAMPP Installation Directory: "d:\xampp\"
20.29.17  [main] 	Checking for prerequisites
20.29.19  [main] 	All prerequisites found
20.29.19  [main] 	Initializing Modules
20.29.19  [main] 	The FileZilla module is disabled
20.29.19  [main] 	The Mercury module is disabled
20.29.19  [main] 	Enabling autostart for module "Apache"
20.29.19  [main] 	Enabling autostart for module "MySQL"
20.29.19  [main] 	Starting Check-Timer
20.29.19  [main] 	Control Panel Ready
20.29.21  [Apache] 	Autostart active: starting...
20.29.21  [Apache] 	Attempting to start Apache app...
20.29.21  [mysql] 	Autostart active: starting...
20.29.21  [mysql] 	Attempting to start MySQL app...
20.29.21  [Apache] 	Status change detected: running
20.29.21  [mysql] 	Status change detected: running
00.20.10  [Apache] 	Attempting to stop Apache (PID: 14744)
00.20.10  [Apache] 	Attempting to stop Apache (PID: 2392)
00.20.10  [Apache] 	Status change detected: stopped
00.20.11  [mysql] 	Attempting to stop MySQL app...
00.20.11  [mysql] 	Status change detected: stopped
00.20.22  [main] 	Deinitializing Modules
00.20.22  [main] 	Deinitializing Control Panel

08.21.50  [main] 	Initializing Control Panel
08.21.50  [main] 	Windows Version:  Home  64-bit
08.21.50  [main] 	XAMPP Version: 7.1.12
08.21.50  [main] 	Control Panel Version: 3.2.2  [ Compiled: Nov 12th 2015 ]
08.21.50  [main] 	Running with Administrator rights - good!
08.21.50  [main] 	XAMPP Installation Directory: "d:\xampp\"
08.21.50  [main] 	Checking for prerequisites
08.21.56  [main] 	All prerequisites found
08.21.56  [main] 	Initializing Modules
08.21.56  [main] 	The FileZilla module is disabled
08.21.56  [main] 	The Mercury module is disabled
08.21.56  [main] 	Enabling autostart for module "Apache"
08.21.56  [main] 	Enabling autostart for module "MySQL"
08.21.56  [main] 	Starting Check-Timer
08.21.56  [main] 	Control Panel Ready
08.21.57  [Apache] 	Autostart active: starting...
08.21.57  [Apache] 	Attempting to start Apache app...
08.21.57  [mysql] 	Autostart active: starting...
08.21.57  [mysql] 	Attempting to start MySQL app...
08.21.59  [Apache] 	Status change detected: running
08.21.59  [mysql] 	Status change detected: running
10.47.30  [Apache] 	Attempting to stop Apache (PID: 11980)
10.47.30  [Apache] 	Attempting to stop Apache (PID: 4752)
10.47.30  [Apache] 	Status change detected: stopped
10.47.30  [mysql] 	Attempting to stop MySQL app...
10.47.31  [mysql] 	Status change detected: stopped
10.47.53  [main] 	Deinitializing Modules
10.47.53  [main] 	Deinitializing Control Panel

18.30.58  [main] 	Initializing Control Panel
18.30.58  [main] 	Windows Version:  Home  64-bit
18.30.58  [main] 	XAMPP Version: 7.1.12
18.30.58  [main] 	Control Panel Version: 3.2.2  [ Compiled: Nov 12th 2015 ]
18.30.58  [main] 	Running with Administrator rights - good!
18.30.58  [main] 	XAMPP Installation Directory: "d:\xampp\"
18.30.58  [main] 	Checking for prerequisites
18.31.01  [main] 	All prerequisites found
18.31.01  [main] 	Initializing Modules
18.31.01  [main] 	The FileZilla module is disabled
18.31.01  [main] 	The Mercury module is disabled
18.31.01  [main] 	Enabling autostart for module "Apache"
18.31.01  [main] 	Enabling autostart for module "MySQL"
18.31.01  [main] 	Starting Check-Timer
18.31.01  [main] 	Control Panel Ready
18.31.02  [Apache] 	Autostart active: starting...
18.31.02  [Apache] 	Attempting to start Apache app...
18.31.02  [mysql] 	Autostart active: starting...
18.31.02  [mysql] 	Attempting to start MySQL app...
18.31.05  [Apache] 	Status change detected: running
18.31.05  [mysql] 	Status change detected: running
23.27.55  [Apache] 	Attempting to stop Apache (PID: 11196)
23.27.55  [Apache] 	Attempting to stop Apache (PID: 13956)
23.27.55  [Apache] 	Status change detected: stopped
23.27.56  [mysql] 	Attempting to stop MySQL app...
23.27.57  [mysql] 	Status change detected: stopped
23.28.19  [main] 	Deinitializing Modules
23.28.19  [main] 	Deinitializing Control Panel

12.10.27  [main] 	Initializing Control Panel
12.10.27  [main] 	Windows Version:  Home  64-bit
12.10.27  [main] 	XAMPP Version: 7.1.12
12.10.27  [main] 	Control Panel Version: 3.2.2  [ Compiled: Nov 12th 2015 ]
12.10.27  [main] 	Running with Administrator rights - good!
12.10.27  [main] 	XAMPP Installation Directory: "d:\xampp\"
12.10.27  [main] 	Checking for prerequisites
12.10.30  [main] 	All prerequisites found
12.10.30  [main] 	Initializing Modules
12.10.30  [main] 	The FileZilla module is disabled
12.10.30  [main] 	The Mercury module is disabled
12.10.30  [main] 	Enabling autostart for module "Apache"
12.10.30  [main] 	Enabling autostart for module "MySQL"
12.10.30  [main] 	Starting Check-Timer
12.10.30  [main] 	Control Panel Ready
12.10.31  [Apache] 	Autostart active: starting...
12.10.31  [Apache] 	Attempting to start Apache app...
12.10.31  [mysql] 	Autostart active: starting...
12.10.31  [mysql] 	Attempting to start MySQL app...
12.10.36  [Apache] 	Status change detected: running
12.10.36  [mysql] 	Status change detected: running
12.19.43  [Apache] 	Attempting to stop Apache (PID: 3384)
12.19.43  [Apache] 	Attempting to stop Apache (PID: 14060)
12.19.43  [Apache] 	Status change detected: stopped
12.19.45  [mysql] 	Attempting to stop MySQL app...
12.19.45  [mysql] 	Status change detected: stopped
12.19.53  [main] 	Deinitializing Modules
12.19.53  [main] 	Deinitializing Control Panel

15.08.28  [main] 	Initializing Control Panel
15.08.28  [main] 	Windows Version:  Home  64-bit
15.08.29  [main] 	XAMPP Version: 7.1.12
15.08.29  [main] 	Control Panel Version: 3.2.2  [ Compiled: Nov 12th 2015 ]
15.08.29  [main] 	Running with Administrator rights - good!
15.08.29  [main] 	XAMPP Installation Directory: "d:\xampp\"
15.08.29  [main] 	Checking for prerequisites
15.08.31  [main] 	All prerequisites found
15.08.31  [main] 	Initializing Modules
15.08.31  [main] 	The FileZilla module is disabled
15.08.31  [main] 	The Mercury module is disabled
15.08.31  [main] 	Enabling autostart for module "Apache"
15.08.31  [main] 	Enabling autostart for module "MySQL"
15.08.31  [main] 	Starting Check-Timer
15.08.31  [main] 	Control Panel Ready
15.08.31  [Apache] 	Autostart active: starting...
15.08.31  [Apache] 	Attempting to start Apache app...
15.08.31  [mysql] 	Autostart active: starting...
15.08.31  [mysql] 	Attempting to start MySQL app...
15.08.33  [Apache] 	Status change detected: running
15.08.33  [mysql] 	Status change detected: running
16.32.36  [Apache] 	Attempting to stop Apache (PID: 5492)
16.32.36  [Apache] 	Attempting to stop Apache (PID: 12440)
16.32.36  [Apache] 	Status change detected: stopped
16.32.37  [mysql] 	Attempting to stop MySQL app...
16.32.38  [mysql] 	Status change detected: stopped
16.36.07  [main] 	Deinitializing Modules
16.36.07  [main] 	Deinitializing Control Panel

19.36.20  [main] 	Initializing Control Panel
19.36.20  [main] 	Windows Version:  Home  64-bit
19.36.20  [main] 	XAMPP Version: 7.1.12
19.36.20  [main] 	Control Panel Version: 3.2.2  [ Compiled: Nov 12th 2015 ]
19.36.20  [main] 	Running with Administrator rights - good!
19.36.20  [main] 	XAMPP Installation Directory: "d:\xampp\"
19.36.20  [main] 	Checking for prerequisites
19.36.22  [main] 	All prerequisites found
19.36.22  [main] 	Initializing Modules
19.36.22  [main] 	The FileZilla module is disabled
19.36.22  [main] 	The Mercury module is disabled
19.36.22  [main] 	Enabling autostart for module "Apache"
19.36.22  [main] 	Enabling autostart for module "MySQL"
19.36.22  [main] 	Starting Check-Timer
19.36.22  [main] 	Control Panel Ready
19.36.22  [Apache] 	Autostart active: starting...
19.36.22  [Apache] 	Attempting to start Apache app...
19.36.22  [mysql] 	Autostart active: starting...
19.36.22  [mysql] 	Attempting to start MySQL app...
19.36.25  [Apache] 	Status change detected: running
19.36.25  [mysql] 	Status change detected: running
19.37.11  [Apache] 	Attempting to stop Apache (PID: 10176)
19.37.11  [Apache] 	Attempting to stop Apache (PID: 4944)
19.37.11  [Apache] 	Status change detected: stopped
19.37.13  [mysql] 	Attempting to stop MySQL app...
19.37.13  [mysql] 	Status change detected: stopped
19.38.21  [Apache] 	Attempting to start Apache app...
19.38.21  [Apache] 	Status change detected: running
19.38.30  [mysql] 	Attempting to start MySQL app...
19.38.30  [mysql] 	Status change detected: running
20.09.07  [main] 	Deinitializing Modules
20.09.07  [main] 	Deinitializing Control Panel

21.26.51  [main] 	Initializing Control Panel
21.26.51  [main] 	Windows Version:  Home  64-bit
21.26.51  [main] 	XAMPP Version: 7.1.12
21.26.51  [main] 	Control Panel Version: 3.2.2  [ Compiled: Nov 12th 2015 ]
21.26.51  [main] 	Running with Administrator rights - good!
21.26.51  [main] 	XAMPP Installation Directory: "d:\xampp\"
21.26.51  [main] 	Checking for prerequisites
21.26.52  [main] 	All prerequisites found
21.26.52  [main] 	Initializing Modules
21.26.52  [main] 	The FileZilla module is disabled
21.26.52  [main] 	The Mercury module is disabled
21.26.52  [main] 	Enabling autostart for module "Apache"
21.26.52  [main] 	Enabling autostart for module "MySQL"
21.26.52  [main] 	Starting Check-Timer
21.26.52  [main] 	Control Panel Ready
21.26.53  [Apache] 	Autostart active: starting...
21.26.53  [Apache] 	Attempting to start Apache app...
21.26.53  [mysql] 	Autostart active: starting...
21.26.53  [mysql] 	Attempting to start MySQL app...
21.26.54  [Apache] 	Status change detected: running
21.26.54  [mysql] 	Status change detected: running
23.56.34  [Apache] 	Attempting to stop Apache (PID: 12200)
23.56.34  [Apache] 	Attempting to stop Apache (PID: 13780)
23.56.35  [Apache] 	Status change detected: stopped
23.56.35  [mysql] 	Attempting to stop MySQL app...
23.56.36  [mysql] 	Status change detected: stopped
23.59.23  [main] 	Deinitializing Modules
23.59.23  [main] 	Deinitializing Control Panel

20.10.23  [main] 	Initializing Control Panel
20.10.23  [main] 	Windows Version:  Home  64-bit
20.10.23  [main] 	XAMPP Version: 7.1.12
20.10.23  [main] 	Control Panel Version: 3.2.2  [ Compiled: Nov 12th 2015 ]
20.10.23  [main] 	Running with Administrator rights - good!
20.10.23  [main] 	XAMPP Installation Directory: "d:\xampp\"
20.10.23  [main] 	Checking for prerequisites
20.10.25  [main] 	All prerequisites found
20.10.25  [main] 	Initializing Modules
20.10.25  [main] 	The FileZilla module is disabled
20.10.25  [main] 	The Mercury module is disabled
20.10.25  [main] 	Enabling autostart for module "Apache"
20.10.25  [main] 	Enabling autostart for module "MySQL"
20.10.25  [main] 	Starting Check-Timer
20.10.25  [main] 	Control Panel Ready
20.10.25  [Apache] 	Autostart active: starting...
20.10.25  [Apache] 	Attempting to start Apache app...
20.10.26  [mysql] 	Autostart active: starting...
20.10.26  [mysql] 	Attempting to start MySQL app...
20.10.27  [Apache] 	Status change detected: running
20.10.27  [mysql] 	Status change detected: running
20.33.55  [Apache] 	Attempting to stop Apache (PID: 11128)
20.33.55  [Apache] 	Attempting to stop Apache (PID: 1160)
20.33.56  [Apache] 	Status change detected: stopped
20.33.56  [mysql] 	Attempting to stop MySQL app...
20.33.57  [mysql] 	Status change detected: stopped
20.34.08  [Apache] 	Attempting to start Apache app...
20.34.08  [Apache] 	Status change detected: running
20.34.11  [mysql] 	Attempting to start MySQL app...
20.34.11  [mysql] 	Status change detected: running
23.54.29  [Apache] 	Attempting to stop Apache (PID: 5216)
23.54.29  [Apache] 	Attempting to stop Apache (PID: 15492)
23.54.29  [Apache] 	Status change detected: stopped
23.54.30  [mysql] 	Attempting to stop MySQL app...
23.54.30  [mysql] 	Attempting to stop MySQL app...
23.54.31  [mysql] 	Status change detected: stopped
00.13.50  [main] 	Deinitializing Modules
00.13.50  [main] 	Deinitializing Control Panel

06.25.10  [main] 	Initializing Control Panel
06.25.10  [main] 	Windows Version:  Home  64-bit
06.25.10  [main] 	XAMPP Version: 7.1.12
06.25.10  [main] 	Control Panel Version: 3.2.2  [ Compiled: Nov 12th 2015 ]
06.25.10  [main] 	Running with Administrator rights - good!
06.25.10  [main] 	XAMPP Installation Directory: "d:\xampp\"
06.25.10  [main] 	Checking for prerequisites
06.25.14  [main] 	All prerequisites found
06.25.14  [main] 	Initializing Modules
06.25.14  [main] 	The FileZilla module is disabled
06.25.14  [main] 	The Mercury module is disabled
06.25.14  [main] 	Enabling autostart for module "Apache"
06.25.14  [main] 	Enabling autostart for module "MySQL"
06.25.14  [main] 	Starting Check-Timer
06.25.14  [main] 	Control Panel Ready
06.25.14  [Apache] 	Autostart active: starting...
06.25.14  [Apache] 	Attempting to start Apache app...
06.25.14  [mysql] 	Autostart active: starting...
06.25.14  [mysql] 	Attempting to start MySQL app...
06.25.17  [Apache] 	Status change detected: running
06.25.17  [mysql] 	Status change detected: running
12.26.50  [Apache] 	Attempting to stop Apache (PID: 676)
12.26.50  [Apache] 	Attempting to stop Apache (PID: 11864)
12.26.50  [Apache] 	Status change detected: stopped
12.26.52  [mysql] 	Attempting to stop MySQL app...
12.26.53  [mysql] 	Status change detected: stopped
12.27.12  [main] 	Deinitializing Modules
12.27.12  [main] 	Deinitializing Control Panel

13.07.51  [main] 	Initializing Control Panel
13.07.51  [main] 	Windows Version:  Home  64-bit
13.07.51  [main] 	XAMPP Version: 7.1.12
13.07.51  [main] 	Control Panel Version: 3.2.2  [ Compiled: Nov 12th 2015 ]
13.07.51  [main] 	Running with Administrator rights - good!
13.07.51  [main] 	XAMPP Installation Directory: "d:\xampp\"
13.07.51  [main] 	Checking for prerequisites
13.07.55  [main] 	All prerequisites found
13.07.55  [main] 	Initializing Modules
13.07.55  [main] 	The FileZilla module is disabled
13.07.55  [main] 	The Mercury module is disabled
13.07.55  [main] 	Enabling autostart for module "Apache"
13.07.55  [main] 	Enabling autostart for module "MySQL"
13.07.55  [main] 	Starting Check-Timer
13.07.55  [main] 	Control Panel Ready
13.07.56  [Apache] 	Autostart active: starting...
13.07.56  [Apache] 	Attempting to start Apache app...
13.07.56  [mysql] 	Autostart active: starting...
13.07.56  [mysql] 	Attempting to start MySQL app...
13.07.59  [Apache] 	Status change detected: running
13.07.59  [mysql] 	Status change detected: running
14.32.17  [Apache] 	Attempting to stop Apache (PID: 9020)
14.32.17  [Apache] 	Attempting to stop Apache (PID: 9956)
14.32.17  [Apache] 	Status change detected: stopped
14.32.18  [mysql] 	Attempting to stop MySQL app...
14.32.19  [mysql] 	Status change detected: stopped
14.32.37  [main] 	Deinitializing Modules
14.32.37  [main] 	Deinitializing Control Panel

19.13.57  [main] 	Initializing Control Panel
19.13.57  [main] 	Windows Version:  Home  64-bit
19.13.57  [main] 	XAMPP Version: 7.1.12
19.13.57  [main] 	Control Panel Version: 3.2.2  [ Compiled: Nov 12th 2015 ]
19.13.57  [main] 	Running with Administrator rights - good!
19.13.57  [main] 	XAMPP Installation Directory: "d:\xampp\"
19.13.57  [main] 	Checking for prerequisites
19.13.59  [main] 	All prerequisites found
19.13.59  [main] 	Initializing Modules
19.13.59  [main] 	The FileZilla module is disabled
19.13.59  [main] 	The Mercury module is disabled
19.13.59  [main] 	Enabling autostart for module "Apache"
19.13.59  [main] 	Enabling autostart for module "MySQL"
19.13.59  [main] 	Starting Check-Timer
19.13.59  [main] 	Control Panel Ready
19.14.00  [Apache] 	Autostart active: starting...
19.14.00  [Apache] 	Attempting to start Apache app...
19.14.00  [mysql] 	Autostart active: starting...
19.14.00  [mysql] 	Attempting to start MySQL app...
19.14.02  [Apache] 	Status change detected: running
19.14.02  [mysql] 	Status change detected: running
00.29.15  [Apache] 	Attempting to stop Apache (PID: 10948)
00.29.15  [Apache] 	Attempting to stop Apache (PID: 940)
00.29.15  [Apache] 	Status change detected: stopped
00.29.16  [mysql] 	Attempting to stop MySQL app...
00.29.17  [mysql] 	Status change detected: stopped
00.29.43  [main] 	Deinitializing Modules
00.29.43  [main] 	Deinitializing Control Panel

07.46.29  [main] 	Initializing Control Panel
07.46.29  [main] 	Windows Version:  Home  64-bit
07.46.29  [main] 	XAMPP Version: 7.1.12
07.46.29  [main] 	Control Panel Version: 3.2.2  [ Compiled: Nov 12th 2015 ]
07.46.29  [main] 	Running with Administrator rights - good!
07.46.29  [main] 	XAMPP Installation Directory: "d:\xampp\"
07.46.29  [main] 	Checking for prerequisites
07.46.31  [main] 	All prerequisites found
07.46.31  [main] 	Initializing Modules
07.46.31  [main] 	The FileZilla module is disabled
07.46.31  [main] 	The Mercury module is disabled
07.46.31  [main] 	Enabling autostart for module "Apache"
07.46.31  [main] 	Enabling autostart for module "MySQL"
07.46.31  [main] 	Starting Check-Timer
07.46.31  [main] 	Control Panel Ready
07.46.32  [Apache] 	Autostart active: starting...
07.46.32  [Apache] 	Attempting to start Apache app...
07.46.32  [mysql] 	Autostart active: starting...
07.46.32  [mysql] 	Attempting to start MySQL app...
07.46.34  [Apache] 	Status change detected: running
07.46.34  [mysql] 	Status change detected: running
09.29.03  [Apache] 	Attempting to stop Apache (PID: 14864)
09.29.03  [Apache] 	Attempting to stop Apache (PID: 3668)
09.29.03  [Apache] 	Status change detected: stopped
09.29.05  [mysql] 	Attempting to stop MySQL app...
09.29.06  [mysql] 	Status change detected: stopped
09.29.26  [main] 	Deinitializing Modules
09.29.26  [main] 	Deinitializing Control Panel

14.37.01  [main] 	Initializing Control Panel
14.37.01  [main] 	Windows Version:  Home  64-bit
14.37.01  [main] 	XAMPP Version: 7.1.12
14.37.01  [main] 	Control Panel Version: 3.2.2  [ Compiled: Nov 12th 2015 ]
14.37.01  [main] 	Running with Administrator rights - good!
14.37.01  [main] 	XAMPP Installation Directory: "d:\xampp\"
14.37.01  [main] 	Checking for prerequisites
14.37.03  [main] 	All prerequisites found
14.37.03  [main] 	Initializing Modules
14.37.03  [main] 	The FileZilla module is disabled
14.37.03  [main] 	The Mercury module is disabled
14.37.03  [main] 	Enabling autostart for module "Apache"
14.37.03  [main] 	Enabling autostart for module "MySQL"
14.37.03  [main] 	Starting Check-Timer
14.37.03  [main] 	Control Panel Ready
14.37.03  [Apache] 	Autostart active: starting...
14.37.03  [Apache] 	Attempting to start Apache app...
14.37.03  [mysql] 	Autostart active: starting...
14.37.03  [mysql] 	Attempting to start MySQL app...
14.37.05  [Apache] 	Status change detected: running
14.37.05  [mysql] 	Status change detected: running
14.43.15  [Apache] 	Status change detected: stopped
14.43.15  [Apache] 	Error: Apache shutdown unexpectedly.
14.43.15  [Apache] 	This may be due to a blocked port, missing dependencies, 
14.43.15  [Apache] 	improper privileges, a crash, or a shutdown by another method.
14.43.15  [Apache] 	Press the Logs button to view error logs and check
14.43.16  [Apache] 	the Windows Event Viewer for more clues
14.43.16  [Apache] 	If you need more help, copy and post this
14.43.16  [Apache] 	entire log window on the forums
14.43.17  [mysql] 	Status change detected: stopped
14.43.17  [mysql] 	Error: MySQL shutdown unexpectedly.
14.43.17  [mysql] 	This may be due to a blocked port, missing dependencies, 
14.43.17  [mysql] 	improper privileges, a crash, or a shutdown by another method.
14.43.17  [mysql] 	Press the Logs button to view error logs and check
14.43.17  [mysql] 	the Windows Event Viewer for more clues
14.43.17  [mysql] 	If you need more help, copy and post this
14.43.17  [mysql] 	entire log window on the forums
14.43.46  [main] 	Deinitializing Modules
14.43.46  [main] 	Deinitializing Control Panel

17.38.23  [main] 	Initializing Control Panel
17.38.23  [main] 	Windows Version:  Home  64-bit
17.38.23  [main] 	XAMPP Version: 7.1.12
17.38.23  [main] 	Control Panel Version: 3.2.2  [ Compiled: Nov 12th 2015 ]
17.38.23  [main] 	Running with Administrator rights - good!
17.38.23  [main] 	XAMPP Installation Directory: "d:\xampp\"
17.38.23  [main] 	Checking for prerequisites
17.38.28  [main] 	All prerequisites found
17.38.28  [main] 	Initializing Modules
17.38.28  [main] 	The FileZilla module is disabled
17.38.28  [main] 	The Mercury module is disabled
17.38.28  [main] 	Enabling autostart for module "Apache"
17.38.28  [main] 	Enabling autostart for module "MySQL"
17.38.28  [main] 	Starting Check-Timer
17.38.28  [main] 	Control Panel Ready
17.38.28  [Apache] 	Autostart active: starting...
17.38.28  [Apache] 	Attempting to start Apache app...
17.38.28  [mysql] 	Autostart active: starting...
17.38.28  [mysql] 	Attempting to start MySQL app...
17.38.30  [Apache] 	Status change detected: running
17.38.30  [mysql] 	Status change detected: running
17.44.10  [Apache] 	Attempting to stop Apache (PID: 2540)
17.44.10  [Apache] 	Attempting to stop Apache (PID: 9944)
17.44.10  [Apache] 	Status change detected: stopped
17.44.12  [mysql] 	Attempting to stop MySQL app...
17.44.13  [mysql] 	Status change detected: stopped
17.44.36  [main] 	Deinitializing Modules
17.44.36  [main] 	Deinitializing Control Panel

21.18.57  [main] 	Initializing Control Panel
21.18.57  [main] 	Windows Version:  Home  64-bit
21.18.57  [main] 	XAMPP Version: 7.1.12
21.18.57  [main] 	Control Panel Version: 3.2.2  [ Compiled: Nov 12th 2015 ]
21.18.57  [main] 	Running with Administrator rights - good!
21.18.57  [main] 	XAMPP Installation Directory: "d:\xampp\"
21.18.57  [main] 	Checking for prerequisites
21.18.59  [main] 	All prerequisites found
21.18.59  [main] 	Initializing Modules
21.18.59  [main] 	The FileZilla module is disabled
21.18.59  [main] 	The Mercury module is disabled
21.18.59  [main] 	Enabling autostart for module "Apache"
21.18.59  [main] 	Enabling autostart for module "MySQL"
21.18.59  [main] 	Starting Check-Timer
21.18.59  [main] 	Control Panel Ready
21.19.00  [Apache] 	Autostart active: starting...
21.19.00  [Apache] 	Attempting to start Apache app...
21.19.00  [mysql] 	Autostart active: starting...
21.19.00  [mysql] 	Attempting to start MySQL app...
21.19.02  [Apache] 	Status change detected: running
21.19.02  [mysql] 	Status change detected: running
21.53.47  [Apache] 	Attempting to stop Apache (PID: 4792)
21.53.47  [Apache] 	Attempting to stop Apache (PID: 15668)
21.53.48  [Apache] 	Status change detected: stopped
21.53.48  [mysql] 	Attempting to stop MySQL app...
21.53.50  [mysql] 	Status change detected: stopped
21.54.45  [main] 	Deinitializing Modules
21.54.45  [main] 	Deinitializing Control Panel

09.38.04  [main] 	Initializing Control Panel
09.38.04  [main] 	Windows Version:  Home  64-bit
09.38.04  [main] 	XAMPP Version: 7.1.12
09.38.04  [main] 	Control Panel Version: 3.2.2  [ Compiled: Nov 12th 2015 ]
09.38.04  [main] 	Running with Administrator rights - good!
09.38.04  [main] 	XAMPP Installation Directory: "d:\xampp\"
09.38.04  [main] 	Checking for prerequisites
09.38.07  [main] 	All prerequisites found
09.38.07  [main] 	Initializing Modules
09.38.07  [main] 	The FileZilla module is disabled
09.38.07  [main] 	The Mercury module is disabled
09.38.07  [main] 	Enabling autostart for module "Apache"
09.38.07  [main] 	Enabling autostart for module "MySQL"
09.38.07  [main] 	Starting Check-Timer
09.38.07  [main] 	Control Panel Ready
09.38.08  [Apache] 	Autostart active: starting...
09.38.08  [Apache] 	Attempting to start Apache app...
09.38.08  [mysql] 	Autostart active: starting...
09.38.08  [mysql] 	Attempting to start MySQL app...
09.38.10  [Apache] 	Status change detected: running
09.38.10  [mysql] 	Status change detected: running
10.16.52  [Apache] 	Attempting to stop Apache (PID: 3216)
10.16.52  [Apache] 	Attempting to stop Apache (PID: 16508)
10.16.52  [Apache] 	Status change detected: stopped
10.16.54  [mysql] 	Attempting to stop MySQL app...
10.16.54  [mysql] 	Status change detected: stopped
10.17.31  [main] 	Deinitializing Modules
10.17.31  [main] 	Deinitializing Control Panel

11.16.08  [main] 	Initializing Control Panel
11.16.08  [main] 	Windows Version:  Home  64-bit
11.16.08  [main] 	XAMPP Version: 7.1.12
11.16.08  [main] 	Control Panel Version: 3.2.2  [ Compiled: Nov 12th 2015 ]
11.16.08  [main] 	Running with Administrator rights - good!
11.16.08  [main] 	XAMPP Installation Directory: "d:\xampp\"
11.16.08  [main] 	Checking for prerequisites
11.16.11  [main] 	All prerequisites found
11.16.11  [main] 	Initializing Modules
11.16.11  [main] 	The FileZilla module is disabled
11.16.11  [main] 	The Mercury module is disabled
11.16.11  [main] 	Enabling autostart for module "Apache"
11.16.11  [main] 	Enabling autostart for module "MySQL"
11.16.11  [main] 	Starting Check-Timer
11.16.11  [main] 	Control Panel Ready
11.16.12  [Apache] 	Autostart active: starting...
11.16.12  [Apache] 	Attempting to start Apache app...
11.16.12  [mysql] 	Autostart active: starting...
11.16.12  [mysql] 	Attempting to start MySQL app...
11.16.14  [Apache] 	Status change detected: running
11.16.14  [mysql] 	Status change detected: running
12.17.48  [Apache] 	Attempting to stop Apache (PID: 192)
12.17.48  [Apache] 	Attempting to stop Apache (PID: 3808)
12.17.49  [Apache] 	Status change detected: stopped
12.17.51  [mysql] 	Attempting to stop MySQL app...
12.17.51  [mysql] 	Status change detected: stopped
12.18.13  [main] 	Deinitializing Modules
12.18.13  [main] 	Deinitializing Control Panel

19.17.20  [main] 	Initializing Control Panel
19.17.20  [main] 	Windows Version:  Home  64-bit
19.17.20  [main] 	XAMPP Version: 7.1.12
19.17.20  [main] 	Control Panel Version: 3.2.2  [ Compiled: Nov 12th 2015 ]
19.17.20  [main] 	Running with Administrator rights - good!
19.17.20  [main] 	XAMPP Installation Directory: "d:\xampp\"
19.17.20  [main] 	Checking for prerequisites
19.17.24  [main] 	All prerequisites found
19.17.24  [main] 	Initializing Modules
19.17.24  [main] 	The FileZilla module is disabled
19.17.24  [main] 	The Mercury module is disabled
19.17.24  [main] 	Enabling autostart for module "Apache"
19.17.24  [main] 	Enabling autostart for module "MySQL"
19.17.24  [main] 	Starting Check-Timer
19.17.24  [main] 	Control Panel Ready
19.17.25  [Apache] 	Autostart active: starting...
19.17.25  [Apache] 	Attempting to start Apache app...
19.17.25  [mysql] 	Autostart active: starting...
19.17.25  [mysql] 	Attempting to start MySQL app...
19.17.27  [Apache] 	Status change detected: running
19.17.27  [mysql] 	Status change detected: running
23.02.08  [Apache] 	Attempting to stop Apache (PID: 1908)
23.02.08  [Apache] 	Attempting to stop Apache (PID: 11080)
23.02.09  [Apache] 	Status change detected: stopped
23.02.11  [mysql] 	Attempting to stop MySQL app...
23.02.11  [mysql] 	Status change detected: stopped
23.02.22  [main] 	Deinitializing Modules
23.02.22  [main] 	Deinitializing Control Panel

05.34.58  [main] 	Initializing Control Panel
05.34.58  [main] 	Windows Version:  Home  64-bit
05.34.58  [main] 	XAMPP Version: 7.1.12
05.34.58  [main] 	Control Panel Version: 3.2.2  [ Compiled: Nov 12th 2015 ]
05.34.58  [main] 	Running with Administrator rights - good!
05.34.58  [main] 	XAMPP Installation Directory: "d:\xampp\"
05.34.58  [main] 	Checking for prerequisites
05.35.02  [main] 	All prerequisites found
05.35.02  [main] 	Initializing Modules
05.35.02  [main] 	The FileZilla module is disabled
05.35.02  [main] 	The Mercury module is disabled
05.35.02  [main] 	Enabling autostart for module "Apache"
05.35.02  [main] 	Enabling autostart for module "MySQL"
05.35.02  [main] 	Starting Check-Timer
05.35.02  [main] 	Control Panel Ready
05.35.02  [Apache] 	Autostart active: starting...
05.35.02  [Apache] 	Attempting to start Apache app...
05.35.02  [mysql] 	Autostart active: starting...
05.35.02  [mysql] 	Attempting to start MySQL app...
05.35.06  [Apache] 	Status change detected: running
05.35.06  [mysql] 	Status change detected: running
06.36.47  [Apache] 	Attempting to stop Apache (PID: 14232)
06.36.47  [Apache] 	Attempting to stop Apache (PID: 15108)
06.36.47  [Apache] 	Status change detected: stopped
06.36.50  [mysql] 	Attempting to stop MySQL app...
06.36.50  [mysql] 	Status change detected: stopped
06.37.26  [main] 	Deinitializing Modules
06.37.26  [main] 	Deinitializing Control Panel

09.43.49  [main] 	Initializing Control Panel
09.43.49  [main] 	Windows Version:  Home  64-bit
09.43.49  [main] 	XAMPP Version: 7.1.12
09.43.49  [main] 	Control Panel Version: 3.2.2  [ Compiled: Nov 12th 2015 ]
09.43.49  [main] 	Running with Administrator rights - good!
09.43.49  [main] 	XAMPP Installation Directory: "d:\xampp\"
09.43.49  [main] 	Checking for prerequisites
09.43.51  [main] 	All prerequisites found
09.43.51  [main] 	Initializing Modules
09.43.51  [main] 	The FileZilla module is disabled
09.43.51  [main] 	The Mercury module is disabled
09.43.51  [main] 	Enabling autostart for module "Apache"
09.43.51  [main] 	Enabling autostart for module "MySQL"
09.43.51  [main] 	Starting Check-Timer
09.43.51  [main] 	Control Panel Ready
09.43.51  [Apache] 	Autostart active: starting...
09.43.51  [Apache] 	Attempting to start Apache app...
09.43.52  [mysql] 	Autostart active: starting...
09.43.52  [mysql] 	Attempting to start MySQL app...
09.43.54  [Apache] 	Status change detected: running
09.43.54  [mysql] 	Status change detected: running
10.41.21  [Apache] 	Attempting to stop Apache (PID: 17812)
10.41.21  [Apache] 	Attempting to stop Apache (PID: 9780)
10.41.21  [Apache] 	Status change detected: stopped
10.41.21  [mysql] 	Attempting to stop MySQL app...
10.41.22  [mysql] 	Status change detected: stopped
11.13.49  [main] 	Deinitializing Modules
11.13.49  [main] 	Deinitializing Control Panel

